TN:
SF:src/App.tsx
FN:20,App
FN:24,(anonymous_1)
FN:25,(anonymous_2)
FN:32,(anonymous_3)
FN:36,(anonymous_4)
FN:40,(anonymous_5)
FNF:6
FNH:5
FNDA:20,App
FNDA:10,(anonymous_1)
FNDA:0,(anonymous_2)
FNDA:20,(anonymous_3)
FNDA:15,(anonymous_4)
FNDA:20,(anonymous_5)
DA:20,2
DA:23,20
DA:24,10
DA:25,0
DA:27,20
DA:28,20
DA:29,20
DA:30,20
DA:32,20
DA:33,20
DA:34,20
DA:35,20
DA:36,20
DA:37,20
DA:40,20
DA:41,20
DA:42,20
DA:43,20
DA:46,20
DA:47,2
LF:20
LH:19
BRDA:47,0,0,2
BRDA:47,0,1,0
BRF:2
BRH:1
end_of_record
TN:
SF:src/devlog.ts
FN:9,fmt
FN:25,devlog
FN:39,(anonymous_2)
FNF:3
FNH:3
FNDA:394,fmt
FNDA:394,devlog
FNDA:390,(anonymous_2)
DA:10,394
DA:11,393
DA:12,1
DA:14,392
DA:15,392
DA:17,0
DA:31,394
DA:32,394
DA:33,394
DA:36,394
DA:37,394
DA:38,394
DA:39,390
LF:13
LH:12
BRDA:10,0,0,1
BRDA:10,0,1,393
BRDA:11,1,0,1
BRDA:11,1,1,392
BRDA:12,2,0,1
BRDA:12,2,1,0
BRDA:32,3,0,1
BRDA:32,3,1,393
BRDA:32,4,0,0
BRDA:32,4,1,393
BRDA:38,5,0,390
BRDA:38,5,1,4
BRDA:38,6,0,394
BRDA:38,6,1,390
BRF:14
BRH:12
end_of_record
TN:
SF:src/index.tsx
FN:14,applySavedTheme
FN:39,(anonymous_1)
FN:40,(anonymous_2)
FNF:3
FNH:0
FNDA:0,applySavedTheme
FNDA:0,(anonymous_1)
FNDA:0,(anonymous_2)
DA:11,0
DA:12,0
DA:16,0
DA:18,0
DA:19,0
DA:20,0
DA:21,0
DA:22,0
DA:25,0
DA:28,0
DA:29,0
DA:30,0
DA:31,0
DA:34,0
DA:38,0
DA:40,0
LF:16
LH:0
BRDA:12,0,0,0
BRDA:12,0,1,0
BRDA:20,1,0,0
BRDA:20,1,1,0
BRDA:21,2,0,0
BRDA:21,2,1,0
BRDA:30,3,0,0
BRDA:30,3,1,0
BRDA:40,4,0,0
BRDA:40,4,1,0
BRF:10
BRH:0
end_of_record
TN:
SF:src/vite-env.d.ts
FNF:0
FNH:0
LF:0
LH:0
BRF:0
BRH:0
end_of_record
TN:
SF:src/agents/modelPrefs.ts
FN:81,defaultModelFor
FN:88,loadModelPrefs
FN:97,saveDefaultModel
FNF:3
FNH:3
FNDA:43,defaultModelFor
FNDA:22,loadModelPrefs
FNDA:9,saveDefaultModel
DA:35,8
DA:73,8
DA:82,43
DA:83,43
DA:84,38
DA:89,22
DA:90,7
DA:101,9
DA:102,9
DA:103,9
DA:104,9
DA:105,8
DA:107,1
DA:109,9
LF:14
LH:14
BRDA:83,0,0,5
BRDA:83,0,1,38
BRDA:83,1,0,43
BRDA:83,1,1,5
BRDA:90,2,0,7
BRDA:90,2,1,6
BRDA:102,3,0,9
BRDA:102,3,1,6
BRDA:104,4,0,8
BRDA:104,4,1,1
BRDA:111,5,0,8
BRDA:111,5,1,1
BRF:12
BRH:12
end_of_record
TN:
SF:src/app/AppShell.tsx
FN:49,AppShell
FN:52,(anonymous_1)
FN:61,(anonymous_2)
FN:64,(anonymous_3)
FN:64,(anonymous_4)
FN:67,(anonymous_5)
FN:70,(anonymous_6)
FN:75,(anonymous_7)
FN:78,(anonymous_8)
FN:81,projectName
FN:82,gitBranch
FN:83,sectionLabel
FN:84,(anonymous_12)
FN:86,liveState
FN:87,currentSafetyMode
FN:88,(anonymous_15)
FN:92,when
FN:93,fallback
FN:95,recents
FN:96,onOpenProject
FN:97,onOpenRecent
FN:98,onStartProjectLess
FN:98,children
FN:104,activeView
FN:105,onNavTo
FN:106,expanded
FN:107,onToggleExpanded
FN:108,activeLayout
FN:110,(anonymous_28)
FN:113,collapsed
FN:114,onToggle
FN:115,agents
FN:116,focusedPaneId
FN:117,(anonymous_33)
FN:118,(anonymous_34)
FN:126,(anonymous_35)
FN:127,activityEvents
FN:128,usageEntries
FN:129,workspacePath
FN:130,(anonymous_39)
FN:135,workspaces
FN:136,activeId
FN:137,onActivate
FN:138,onNew
FN:139,onRename
FN:140,onColor
FN:141,onClose
FN:142,onReorder
FN:143,(anonymous_48)
FN:144,(anonymous_49)
FN:145,onCloseConfirm
FN:148,(anonymous_51)
FN:149,each
FN:149,(anonymous_53)
FN:151,(anonymous_54)
FN:152,(anonymous_55)
FN:157,when_2
FN:157,children_2
FN:163,(anonymous_58)
FN:164,activeLayout_2
FN:165,(anonymous_60)
FN:166,(anonymous_61)
FN:167,projectCwd
FN:168,initialSession
FN:170,prefixActive
FN:171,prefixReserved
FN:172,moveMode
FN:173,agentConfigByPaneId
FN:174,nativeSessionByPaneId
FN:175,workspacePath_2
FN:176,(anonymous_70)
FN:179,(anonymous_71)
FN:181,(anonymous_72)
FN:189,open
FN:190,context
FN:194,isAgentPane
FN:195,(anonymous_76)
FN:199,activeView_2
FN:200,onNavTo_2
FN:201,projectName_2
FN:202,projectPath
FN:203,gitBranch_2
FN:204,onNewSession
FN:205,(anonymous_83)
FN:206,(anonymous_84)
FN:210,context_2
FN:211,isAgentPane_2
FN:212,(anonymous_87)
FN:216,(anonymous_88)
FN:216,sidecarId
FN:217,(anonymous_90)
FN:219,cwd
FN:221,(anonymous_92)
FN:222,followUpClient
FN:223,vossClient
FN:224,(anonymous_95)
FN:228,(anonymous_96)
FN:232,(anonymous_97)
FN:237,(anonymous_98)
FN:242,workspaceName
FN:242,(anonymous_100)
FN:243,paneCount
FN:244,focusedPaneId_2
FN:245,gitBranch_3
FN:246,contextPanelOpen
FN:247,onToggleContextPanel
FN:248,agentCount
FN:249,totalCost
FN:250,budgetSpent
FN:251,budgetLimit
FN:252,onToggleSidebar
FN:253,orgViewOpen
FN:254,(anonymous_112)
FN:255,attentionCount
FN:256,attentionBlocking
FN:257,(anonymous_115)
FN:257,(anonymous_116)
FN:259,open_2
FN:259,(anonymous_118)
FN:263,when_3
FN:263,children_3
FN:265,(anonymous_121)
FN:266,onCreate
FN:267,onStartEmpty
FN:273,when_4
FN:273,children_4
FN:274,(anonymous_126)
FN:274,onLaunch
FN:277,when_5
FN:277,children_5
FN:279,anchor
FN:280,paneId
FN:281,costUsd
FN:282,(anonymous_133)
FN:283,(anonymous_134)
FN:284,(anonymous_135)
FN:285,(anonymous_136)
FN:286,(anonymous_137)
FN:287,(anonymous_138)
FN:294,when_6
FN:294,children_6
FN:296,paneId_2
FN:297,cliBinary
FN:298,runId
FN:300,(anonymous_144)
FN:301,(anonymous_145)
FN:310,when_7
FN:310,children_7
FN:312,mode
FN:313,commands
FN:314,quickItems
FN:315,recentCommandIds
FN:316,onExecute
FN:317,onDismiss
FN:322,open_3
FN:323,(anonymous_155)
FN:324,(anonymous_156)
FNF:157
FNH:58
FNDA:20,AppShell
FNDA:0,(anonymous_1)
FNDA:0,(anonymous_2)
FNDA:0,(anonymous_3)
FNDA:0,(anonymous_4)
FNDA:0,(anonymous_5)
FNDA:0,(anonymous_6)
FNDA:14,(anonymous_7)
FNDA:20,(anonymous_8)
FNDA:94,projectName
FNDA:62,gitBranch
FNDA:20,sectionLabel
FNDA:20,(anonymous_12)
FNDA:102,liveState
FNDA:20,currentSafetyMode
FNDA:0,(anonymous_15)
FNDA:38,when
FNDA:20,fallback
FNDA:52,recents
FNDA:20,onOpenProject
FNDA:4,onOpenRecent
FNDA:20,onStartProjectLess
FNDA:28,children
FNDA:252,activeView
FNDA:0,onNavTo
FNDA:56,expanded
FNDA:0,onToggleExpanded
FNDA:0,activeLayout
FNDA:0,(anonymous_28)
FNDA:28,collapsed
FNDA:0,onToggle
FNDA:30,agents
FNDA:0,focusedPaneId
FNDA:0,(anonymous_33)
FNDA:0,(anonymous_34)
FNDA:0,(anonymous_35)
FNDA:14,activityEvents
FNDA:16,usageEntries
FNDA:42,workspacePath
FNDA:0,(anonymous_39)
FNDA:16,workspaces
FNDA:40,activeId
FNDA:0,onActivate
FNDA:1,onNew
FNDA:0,onRename
FNDA:0,onColor
FNDA:0,onClose
FNDA:0,onReorder
FNDA:0,(anonymous_48)
FNDA:0,(anonymous_49)
FNDA:0,onCloseConfirm
FNDA:0,(anonymous_51)
FNDA:14,each
FNDA:16,(anonymous_53)
FNDA:88,(anonymous_54)
FNDA:22,(anonymous_55)
FNDA:22,when_2
FNDA:16,children_2
FNDA:23,(anonymous_58)
FNDA:0,activeLayout_2
FNDA:0,(anonymous_60)
FNDA:16,(anonymous_61)
FNDA:29,projectCwd
FNDA:0,initialSession
FNDA:0,prefixActive
FNDA:0,prefixReserved
FNDA:0,moveMode
FNDA:0,agentConfigByPaneId
FNDA:0,nativeSessionByPaneId
FNDA:0,workspacePath_2
FNDA:0,(anonymous_70)
FNDA:0,(anonymous_71)
FNDA:18,(anonymous_72)
FNDA:14,open
FNDA:0,context
FNDA:14,isAgentPane
FNDA:0,(anonymous_76)
FNDA:14,activeView_2
FNDA:0,onNavTo_2
FNDA:0,projectName_2
FNDA:0,projectPath
FNDA:0,gitBranch_2
FNDA:0,onNewSession
FNDA:0,(anonymous_83)
FNDA:0,(anonymous_84)
FNDA:0,context_2
FNDA:0,isAgentPane_2
FNDA:0,(anonymous_87)
FNDA:0,(anonymous_88)
FNDA:0,sidecarId
FNDA:0,(anonymous_90)
FNDA:0,cwd
FNDA:0,(anonymous_92)
FNDA:0,followUpClient
FNDA:0,vossClient
FNDA:0,(anonymous_95)
FNDA:0,(anonymous_96)
FNDA:0,(anonymous_97)
FNDA:14,(anonymous_98)
FNDA:34,workspaceName
FNDA:38,(anonymous_100)
FNDA:28,paneCount
FNDA:14,focusedPaneId_2
FNDA:16,gitBranch_3
FNDA:28,contextPanelOpen
FNDA:0,onToggleContextPanel
FNDA:16,agentCount
FNDA:0,totalCost
FNDA:0,budgetSpent
FNDA:32,budgetLimit
FNDA:0,onToggleSidebar
FNDA:42,orgViewOpen
FNDA:0,(anonymous_112)
FNDA:14,attentionCount
FNDA:0,attentionBlocking
FNDA:0,(anonymous_115)
FNDA:0,(anonymous_116)
FNDA:14,open_2
FNDA:0,(anonymous_118)
FNDA:21,when_3
FNDA:1,children_3
FNDA:0,(anonymous_121)
FNDA:0,onCreate
FNDA:0,onStartEmpty
FNDA:20,when_4
FNDA:0,children_4
FNDA:0,(anonymous_126)
FNDA:0,onLaunch
FNDA:20,when_5
FNDA:0,children_5
FNDA:0,anchor
FNDA:0,paneId
FNDA:0,costUsd
FNDA:0,(anonymous_133)
FNDA:0,(anonymous_134)
FNDA:0,(anonymous_135)
FNDA:0,(anonymous_136)
FNDA:0,(anonymous_137)
FNDA:0,(anonymous_138)
FNDA:20,when_6
FNDA:0,children_6
FNDA:0,paneId_2
FNDA:0,cliBinary
FNDA:0,runId
FNDA:0,(anonymous_144)
FNDA:0,(anonymous_145)
FNDA:20,when_7
FNDA:0,children_7
FNDA:0,mode
FNDA:0,commands
FNDA:0,quickItems
FNDA:0,recentCommandIds
FNDA:0,onExecute
FNDA:0,onDismiss
FNDA:40,open_3
FNDA:0,(anonymous_155)
FNDA:0,(anonymous_156)
DA:49,2
DA:50,20
DA:52,20
DA:53,0
DA:54,0
DA:55,0
DA:56,0
DA:58,0
DA:61,20
DA:62,0
DA:63,0
DA:64,0
DA:65,0
DA:67,0
DA:68,0
DA:69,0
DA:70,0
DA:71,0
DA:75,20
DA:76,14
DA:78,20
DA:81,94
DA:82,62
DA:83,20
DA:84,20
DA:86,102
DA:87,20
DA:88,20
DA:92,38
DA:93,20
DA:95,52
DA:96,20
DA:97,4
DA:98,20
DA:104,252
DA:105,0
DA:106,56
DA:107,0
DA:108,0
DA:110,14
DA:113,28
DA:114,0
DA:115,30
DA:116,0
DA:117,0
DA:119,0
DA:120,0
DA:126,0
DA:127,14
DA:128,16
DA:129,42
DA:130,14
DA:135,16
DA:136,40
DA:137,0
DA:138,1
DA:139,0
DA:140,0
DA:141,0
DA:142,0
DA:143,0
DA:144,0
DA:145,14
DA:147,14
DA:148,14
DA:149,14
DA:151,88
DA:152,16
DA:153,22
DA:154,22
DA:156,16
DA:157,22
DA:159,16
DA:160,16
DA:163,23
DA:164,0
DA:165,0
DA:166,16
DA:167,29
DA:168,0
DA:170,0
DA:171,0
DA:172,0
DA:173,0
DA:174,0
DA:175,0
DA:177,0
DA:180,0
DA:181,18
DA:186,14
DA:189,14
DA:191,0
DA:192,0
DA:194,14
DA:195,14
DA:199,14
DA:200,0
DA:201,0
DA:202,0
DA:203,0
DA:204,0
DA:205,0
DA:207,0
DA:208,0
DA:210,0
DA:211,0
DA:212,0
DA:216,0
DA:217,0
DA:219,0
DA:221,0
DA:222,0
DA:223,0
DA:225,0
DA:229,0
DA:230,0
DA:233,0
DA:237,14
DA:242,38
DA:243,28
DA:244,14
DA:245,16
DA:246,28
DA:247,0
DA:248,16
DA:249,0
DA:250,0
DA:251,32
DA:252,0
DA:253,42
DA:254,0
DA:255,14
DA:256,0
DA:257,0
DA:259,20
DA:263,21
DA:265,0
DA:266,0
DA:267,20
DA:271,20
DA:273,20
DA:274,20
DA:277,20
DA:279,0
DA:280,0
DA:281,0
DA:282,0
DA:283,0
DA:284,0
DA:288,0
DA:289,0
DA:290,20
DA:294,20
DA:296,0
DA:297,0
DA:298,0
DA:300,0
DA:302,0
DA:303,0
DA:305,0
DA:306,20
DA:310,20
DA:312,0
DA:313,0
DA:314,0
DA:315,0
DA:316,0
DA:317,20
DA:322,40
DA:323,0
DA:325,0
DA:326,0
DA:333,20
DA:337,2
LF:174
LH:78
BRDA:54,0,0,0
BRDA:54,0,1,0
BRDA:62,1,0,0
BRDA:62,1,1,0
BRDA:63,2,0,0
BRDA:63,2,1,0
BRDA:65,3,0,0
BRDA:65,3,1,0
BRDA:69,4,0,0
BRDA:69,4,1,0
BRDA:76,5,0,14
BRDA:76,5,1,0
BRDA:84,6,0,20
BRDA:84,6,1,0
BRDA:108,7,0,0
BRDA:108,7,1,0
BRDA:123,8,0,0
BRDA:123,8,1,0
BRDA:129,9,0,42
BRDA:129,9,1,10
BRDA:154,10,0,22
BRDA:154,10,1,22
BRDA:154,10,2,1
BRDA:167,11,0,29
BRDA:167,11,1,21
BRDA:168,12,0,0
BRDA:168,12,1,0
BRDA:175,13,0,0
BRDA:175,13,1,0
BRDA:177,14,0,0
BRDA:177,14,1,0
BRDA:180,15,0,0
BRDA:180,15,1,0
BRDA:160,16,0,15
BRDA:160,16,1,3
BRDA:192,17,0,0
BRDA:192,17,1,0
BRDA:192,18,0,0
BRDA:192,18,1,0
BRDA:201,19,0,0
BRDA:201,19,1,0
BRDA:202,20,0,0
BRDA:202,20,1,0
BRDA:203,21,0,0
BRDA:203,21,1,0
BRDA:210,22,0,0
BRDA:210,22,1,0
BRDA:210,23,0,0
BRDA:210,23,1,0
BRDA:219,24,0,0
BRDA:219,24,1,0
BRDA:226,25,0,0
BRDA:226,25,1,0
BRDA:147,26,0,14
BRDA:147,26,1,0
BRDA:289,27,0,0
BRDA:289,27,1,0
BRDA:298,28,0,0
BRDA:298,28,1,0
BRDA:302,29,0,0
BRDA:302,29,1,0
BRDA:328,30,0,0
BRDA:328,30,1,0
BRDA:337,31,0,2
BRDA:337,31,1,0
BRF:65
BRH:13
end_of_record
TN:
SF:src/app/agentHost.ts
FN:36,mapRole
FN:46,modelFromArgs
FN:47,(anonymous_2)
FN:53,createAgentHost
FN:68,(anonymous_4)
FN:101,(anonymous_5)
FN:109,(anonymous_6)
FN:126,(anonymous_7)
FN:143,(anonymous_8)
FN:152,(anonymous_9)
FN:160,(anonymous_10)
FN:169,(anonymous_11)
FN:190,(anonymous_12)
FN:196,(anonymous_13)
FN:197,(anonymous_14)
FN:203,(anonymous_15)
FN:204,(anonymous_16)
FNF:17
FNH:5
FNDA:0,mapRole
FNDA:0,modelFromArgs
FNDA:0,(anonymous_2)
FNDA:20,createAgentHost
FNDA:0,(anonymous_4)
FNDA:33,(anonymous_5)
FNDA:0,(anonymous_6)
FNDA:0,(anonymous_7)
FNDA:33,(anonymous_8)
FNDA:0,(anonymous_9)
FNDA:0,(anonymous_10)
FNDA:33,(anonymous_11)
FNDA:33,(anonymous_12)
FNDA:0,(anonymous_13)
FNDA:0,(anonymous_14)
FNDA:0,(anonymous_15)
FNDA:0,(anonymous_16)
DA:37,0
DA:47,0
DA:48,0
DA:49,0
DA:50,0
DA:54,20
DA:55,20
DA:60,20
DA:68,20
DA:69,0
DA:70,0
DA:71,0
DA:72,0
DA:73,0
DA:74,0
DA:75,0
DA:76,0
DA:77,0
DA:78,0
DA:80,0
DA:81,0
DA:82,0
DA:83,0
DA:89,0
DA:98,0
DA:101,20
DA:102,33
DA:103,33
DA:104,32
DA:105,32
DA:106,32
DA:107,32
DA:108,32
DA:109,32
DA:110,0
DA:111,0
DA:112,0
DA:124,32
DA:125,0
DA:126,0
DA:128,32
DA:129,0
DA:130,0
DA:132,32
DA:133,0
DA:134,0
DA:136,32
DA:139,20
DA:142,20
DA:143,20
DA:144,33
DA:145,33
DA:146,32
DA:147,32
DA:148,32
DA:149,33
DA:150,0
DA:151,0
DA:152,0
DA:158,32
DA:159,0
DA:160,0
DA:166,32
DA:169,20
DA:170,33
DA:171,33
DA:172,33
DA:173,33
DA:174,33
DA:175,33
DA:176,33
DA:177,0
DA:178,0
DA:179,0
DA:180,0
DA:182,33
DA:183,0
DA:184,0
DA:185,0
DA:187,33
DA:190,20
DA:191,33
DA:192,33
DA:193,33
DA:194,32
DA:195,32
DA:196,0
DA:197,0
DA:203,20
DA:204,0
DA:206,20
LF:91
LH:46
BRDA:37,0,0,0
BRDA:37,0,1,0
BRDA:39,1,0,0
BRDA:39,1,1,0
BRDA:39,2,0,0
BRDA:39,2,1,0
BRDA:41,3,0,0
BRDA:41,3,1,0
BRDA:47,4,0,0
BRDA:47,4,1,0
BRDA:48,5,0,0
BRDA:48,5,1,0
BRDA:50,6,0,0
BRDA:50,6,1,0
BRDA:50,7,0,0
BRDA:50,7,1,0
BRDA:71,8,0,0
BRDA:71,8,1,0
BRDA:73,9,0,0
BRDA:73,9,1,0
BRDA:75,10,0,0
BRDA:75,10,1,0
BRDA:77,11,0,0
BRDA:77,11,1,0
BRDA:78,12,0,0
BRDA:78,12,1,0
BRDA:81,13,0,0
BRDA:81,13,1,0
BRDA:81,13,2,0
BRDA:82,14,0,0
BRDA:82,14,1,0
BRDA:95,15,0,0
BRDA:95,15,1,0
BRDA:96,16,0,0
BRDA:96,16,1,0
BRDA:103,17,0,1
BRDA:103,17,1,32
BRDA:117,18,0,0
BRDA:117,18,1,0
BRDA:118,19,0,0
BRDA:118,19,1,0
BRDA:119,20,0,0
BRDA:119,20,1,0
BRDA:120,21,0,0
BRDA:120,21,1,0
BRDA:125,22,0,0
BRDA:125,22,1,0
BRDA:126,23,0,0
BRDA:126,23,1,0
BRDA:129,24,0,0
BRDA:129,24,1,0
BRDA:129,25,0,0
BRDA:129,25,1,0
BRDA:130,26,0,0
BRDA:130,26,1,0
BRDA:133,27,0,0
BRDA:133,27,1,0
BRDA:134,28,0,0
BRDA:134,28,1,0
BRDA:145,29,0,1
BRDA:145,29,1,32
BRDA:148,30,0,32
BRDA:148,30,1,22
BRDA:150,31,0,0
BRDA:150,31,1,0
BRDA:159,32,0,0
BRDA:159,32,1,0
BRDA:170,33,0,33
BRDA:170,33,1,1
BRDA:177,34,0,0
BRDA:177,34,1,0
BRDA:177,35,0,0
BRDA:177,35,1,0
BRDA:180,36,0,0
BRDA:180,36,1,0
BRDA:183,37,0,0
BRDA:183,37,1,0
BRDA:183,38,0,0
BRDA:183,38,1,0
BRDA:185,39,0,0
BRDA:185,39,1,0
BRDA:193,40,0,1
BRDA:193,40,1,32
BRDA:196,41,0,0
BRDA:196,41,1,0
BRF:85
BRH:10
end_of_record
TN:
SF:src/app/keymapHost.ts
FN:31,createKeymapHost
FN:43,(anonymous_1)
FN:44,(anonymous_2)
FN:44,(anonymous_3)
FN:45,(anonymous_4)
FN:46,(anonymous_5)
FN:48,(anonymous_6)
FN:55,(anonymous_7)
FN:57,(anonymous_8)
FN:58,(anonymous_9)
FN:61,(anonymous_10)
FN:62,(anonymous_11)
FN:64,(anonymous_12)
FN:70,(anonymous_13)
FN:76,(anonymous_14)
FN:89,(anonymous_15)
FN:94,(anonymous_16)
FN:106,(anonymous_17)
FN:108,(anonymous_18)
FN:109,(anonymous_19)
FN:110,(anonymous_20)
FN:111,(anonymous_21)
FN:112,(anonymous_22)
FN:113,(anonymous_23)
FN:114,(anonymous_24)
FN:115,(anonymous_25)
FN:116,(anonymous_26)
FN:117,(anonymous_27)
FN:118,(anonymous_28)
FN:119,(anonymous_29)
FN:120,(anonymous_30)
FN:121,(anonymous_31)
FN:122,(anonymous_32)
FN:123,(anonymous_33)
FN:124,(anonymous_34)
FN:125,(anonymous_35)
FN:126,(anonymous_36)
FN:133,(anonymous_37)
FN:135,(anonymous_38)
FN:137,(anonymous_39)
FN:138,(anonymous_40)
FN:141,(anonymous_41)
FN:145,(anonymous_42)
FN:150,(anonymous_43)
FN:151,(anonymous_44)
FN:152,(anonymous_45)
FN:153,(anonymous_46)
FN:154,(anonymous_47)
FN:155,(anonymous_48)
FN:156,(anonymous_49)
FN:157,(anonymous_50)
FN:158,(anonymous_51)
FN:159,(anonymous_52)
FN:160,(anonymous_53)
FN:161,(anonymous_54)
FN:165,(anonymous_55)
FN:173,(anonymous_56)
FN:174,(anonymous_57)
FN:175,(anonymous_58)
FN:176,(anonymous_59)
FN:177,(anonymous_60)
FN:180,(anonymous_61)
FN:185,(anonymous_62)
FN:260,(anonymous_63)
FN:262,(anonymous_64)
FN:265,(anonymous_65)
FN:267,(anonymous_66)
FNF:67
FNH:38
FNDA:29,createKeymapHost
FNDA:34,(anonymous_1)
FNDA:12,(anonymous_2)
FNDA:399,(anonymous_3)
FNDA:12,(anonymous_4)
FNDA:399,(anonymous_5)
FNDA:2,(anonymous_6)
FNDA:0,(anonymous_7)
FNDA:1,(anonymous_8)
FNDA:0,(anonymous_9)
FNDA:1,(anonymous_10)
FNDA:3,(anonymous_11)
FNDA:1,(anonymous_12)
FNDA:1,(anonymous_13)
FNDA:4,(anonymous_14)
FNDA:1,(anonymous_15)
FNDA:12,(anonymous_16)
FNDA:9,(anonymous_17)
FNDA:1,(anonymous_18)
FNDA:0,(anonymous_19)
FNDA:0,(anonymous_20)
FNDA:0,(anonymous_21)
FNDA:0,(anonymous_22)
FNDA:0,(anonymous_23)
FNDA:0,(anonymous_24)
FNDA:0,(anonymous_25)
FNDA:0,(anonymous_26)
FNDA:1,(anonymous_27)
FNDA:2,(anonymous_28)
FNDA:1,(anonymous_29)
FNDA:2,(anonymous_30)
FNDA:1,(anonymous_31)
FNDA:1,(anonymous_32)
FNDA:0,(anonymous_33)
FNDA:0,(anonymous_34)
FNDA:0,(anonymous_35)
FNDA:2,(anonymous_36)
FNDA:1,(anonymous_37)
FNDA:0,(anonymous_38)
FNDA:0,(anonymous_39)
FNDA:1,(anonymous_40)
FNDA:1,(anonymous_41)
FNDA:0,(anonymous_42)
FNDA:0,(anonymous_43)
FNDA:0,(anonymous_44)
FNDA:0,(anonymous_45)
FNDA:0,(anonymous_46)
FNDA:0,(anonymous_47)
FNDA:0,(anonymous_48)
FNDA:0,(anonymous_49)
FNDA:0,(anonymous_50)
FNDA:0,(anonymous_51)
FNDA:0,(anonymous_52)
FNDA:0,(anonymous_53)
FNDA:0,(anonymous_54)
FNDA:12,(anonymous_55)
FNDA:2,(anonymous_56)
FNDA:2,(anonymous_57)
FNDA:1,(anonymous_58)
FNDA:2,(anonymous_59)
FNDA:2,(anonymous_60)
FNDA:18,(anonymous_61)
FNDA:19,(anonymous_62)
FNDA:29,(anonymous_63)
FNDA:0,(anonymous_64)
FNDA:5,(anonymous_65)
FNDA:29,(anonymous_66)
DA:32,29
DA:33,29
DA:34,29
DA:35,29
DA:36,29
DA:37,29
DA:38,29
DA:39,29
DA:42,29
DA:43,34
DA:44,399
DA:45,29
DA:46,399
DA:48,29
DA:49,2
DA:50,2
DA:51,2
DA:52,2
DA:53,1
DA:55,0
DA:56,1
DA:57,1
DA:58,0
DA:61,29
DA:62,3
DA:64,29
DA:65,1
DA:66,1
DA:67,1
DA:68,1
DA:70,29
DA:71,1
DA:72,1
DA:73,1
DA:76,29
DA:77,4
DA:78,1
DA:79,1
DA:80,3
DA:81,1
DA:82,2
DA:83,1
DA:85,1
DA:89,29
DA:90,1
DA:91,1
DA:94,29
DA:95,12
DA:96,12
DA:97,12
DA:98,12
DA:100,6
DA:101,6
DA:102,6
DA:106,29
DA:107,29
DA:108,1
DA:109,0
DA:110,0
DA:111,0
DA:112,0
DA:113,0
DA:114,0
DA:115,0
DA:116,0
DA:117,1
DA:118,2
DA:119,1
DA:120,2
DA:121,1
DA:122,1
DA:123,0
DA:124,0
DA:125,0
DA:127,2
DA:128,2
DA:129,2
DA:130,2
DA:131,2
DA:132,1
DA:133,1
DA:135,0
DA:137,0
DA:139,1
DA:140,1
DA:142,1
DA:143,1
DA:146,0
DA:147,0
DA:150,0
DA:151,0
DA:152,0
DA:153,0
DA:154,0
DA:155,0
DA:156,0
DA:157,0
DA:158,0
DA:159,0
DA:160,0
DA:161,0
DA:165,29
DA:166,12
DA:167,12
DA:168,11
DA:169,11
DA:172,29
DA:173,2
DA:174,2
DA:175,1
DA:176,2
DA:177,2
DA:180,29
DA:181,18
DA:182,18
DA:185,29
DA:186,19
DA:187,2
DA:188,1
DA:189,1
DA:191,17
DA:192,1
DA:193,1
DA:195,16
DA:196,4
DA:197,1
DA:199,3
DA:200,3
DA:201,1
DA:202,3
DA:203,3
DA:206,13
DA:207,13
DA:208,2
DA:209,2
DA:210,2
DA:212,11
DA:213,11
DA:214,2
DA:215,2
DA:216,1
DA:217,1
DA:219,1
DA:220,1
DA:221,1
DA:222,1
DA:225,9
DA:226,2
DA:227,2
DA:229,7
DA:230,1
DA:231,1
DA:232,1
DA:234,6
DA:235,1
DA:236,1
DA:237,1
DA:239,5
DA:240,2
DA:241,2
DA:242,2
DA:244,3
DA:245,1
DA:246,1
DA:247,1
DA:248,1
DA:249,1
DA:252,2
DA:253,1
DA:254,1
DA:255,1
DA:257,1
DA:260,29
DA:261,29
DA:262,29
DA:263,29
DA:265,5
DA:267,29
DA:268,29
DA:269,29
DA:270,29
DA:271,29
DA:274,29
LF:183
LH:154
BRDA:46,0,0,294
BRDA:46,0,1,105
BRDA:46,1,0,399
BRDA:46,1,1,385
BRDA:52,2,0,1
BRDA:52,2,1,1
BRDA:52,3,0,2
BRDA:52,3,1,2
BRDA:52,3,2,2
BRDA:67,4,0,0
BRDA:67,4,1,1
BRDA:67,5,0,1
BRDA:67,5,1,1
BRDA:72,6,0,0
BRDA:72,6,1,1
BRDA:77,7,0,1
BRDA:77,7,1,3
BRDA:79,8,0,1
BRDA:79,8,1,0
BRDA:79,9,0,1
BRDA:79,9,1,1
BRDA:80,10,0,1
BRDA:80,10,1,2
BRDA:82,11,0,1
BRDA:82,11,1,1
BRDA:128,12,0,0
BRDA:128,12,1,2
BRDA:128,13,0,2
BRDA:128,13,1,2
BRDA:131,14,0,1
BRDA:131,14,1,1
BRDA:139,15,0,0
BRDA:139,15,1,1
BRDA:167,16,0,1
BRDA:167,16,1,11
BRDA:186,17,0,2
BRDA:186,17,1,17
BRDA:187,18,0,1
BRDA:187,18,1,1
BRDA:191,19,0,1
BRDA:191,19,1,16
BRDA:192,20,0,1
BRDA:192,20,1,0
BRDA:195,21,0,4
BRDA:195,21,1,12
BRDA:196,22,0,1
BRDA:196,22,1,3
BRDA:196,23,0,4
BRDA:196,23,1,3
BRDA:196,23,2,3
BRDA:200,24,0,2
BRDA:200,24,1,1
BRDA:207,25,0,2
BRDA:207,25,1,11
BRDA:213,26,0,2
BRDA:213,26,1,9
BRDA:215,27,0,1
BRDA:215,27,1,1
BRDA:216,28,0,1
BRDA:216,28,1,0
BRDA:219,29,0,1
BRDA:219,29,1,0
BRDA:225,30,0,2
BRDA:225,30,1,7
BRDA:225,31,0,9
BRDA:225,31,1,2
BRDA:229,32,0,1
BRDA:229,32,1,6
BRDA:229,33,0,7
BRDA:229,33,1,7
BRDA:229,33,2,2
BRDA:229,33,3,1
BRDA:234,34,0,1
BRDA:234,34,1,5
BRDA:234,35,0,6
BRDA:234,35,1,6
BRDA:234,35,2,1
BRDA:234,35,3,0
BRDA:239,36,0,2
BRDA:239,36,1,3
BRDA:239,37,0,5
BRDA:239,37,1,5
BRDA:239,37,2,5
BRDA:239,37,3,4
BRDA:239,37,4,2
BRDA:244,38,0,1
BRDA:244,38,1,2
BRDA:244,39,0,3
BRDA:244,39,1,3
BRDA:244,39,2,1
BRDA:244,39,3,1
BRDA:244,39,4,1
BRDA:246,40,0,1
BRDA:246,40,1,0
BRDA:252,41,0,1
BRDA:252,41,1,1
BRDA:252,42,0,2
BRDA:252,42,1,0
BRDA:252,42,2,2
BRDA:257,43,0,1
BRDA:257,43,1,0
BRDA:257,44,0,1
BRDA:257,44,1,1
BRF:103
BRH:91
end_of_record
TN:
SF:src/app/liveBoot.ts
FN:22,openAttachedPane
FN:26,createLiveBoot
FN:30,(anonymous_2)
FN:49,(anonymous_3)
FN:55,(anonymous_4)
FN:59,(anonymous_5)
FN:68,(anonymous_6)
FN:79,(anonymous_7)
FN:83,(anonymous_8)
FN:104,(anonymous_9)
FN:109,(anonymous_10)
FN:135,(anonymous_11)
FN:146,(anonymous_12)
FN:159,(anonymous_13)
FN:160,(anonymous_14)
FN:166,(anonymous_15)
FNF:16
FNH:4
FNDA:0,openAttachedPane
FNDA:20,createLiveBoot
FNDA:0,(anonymous_2)
FNDA:0,(anonymous_3)
FNDA:0,(anonymous_4)
FNDA:0,(anonymous_5)
FNDA:0,(anonymous_6)
FNDA:0,(anonymous_7)
FNDA:0,(anonymous_8)
FNDA:20,(anonymous_9)
FNDA:0,(anonymous_10)
FNDA:0,(anonymous_11)
FNDA:0,(anonymous_12)
FNDA:20,(anonymous_13)
FNDA:0,(anonymous_14)
FNDA:20,(anonymous_15)
DA:19,2
DA:23,0
DA:27,20
DA:28,20
DA:30,20
DA:31,0
DA:32,0
DA:33,0
DA:35,0
DA:36,0
DA:38,0
DA:39,0
DA:41,0
DA:42,0
DA:43,0
DA:44,0
DA:45,0
DA:46,0
DA:49,20
DA:54,0
DA:55,0
DA:56,0
DA:57,0
DA:58,0
DA:59,0
DA:60,0
DA:68,20
DA:69,0
DA:70,0
DA:71,0
DA:72,0
DA:74,0
DA:75,0
DA:76,0
DA:77,0
DA:78,0
DA:79,0
DA:80,0
DA:82,0
DA:83,0
DA:86,0
DA:87,0
DA:88,0
DA:89,0
DA:90,0
DA:92,0
DA:93,0
DA:94,0
DA:95,0
DA:96,0
DA:97,0
DA:98,0
DA:100,0
DA:101,0
DA:103,20
DA:104,20
DA:105,20
DA:108,20
DA:110,0
DA:111,0
DA:112,0
DA:114,0
DA:115,0
DA:116,0
DA:118,0
DA:119,0
DA:121,0
DA:122,0
DA:123,0
DA:124,0
DA:125,0
DA:126,0
DA:128,0
DA:129,0
DA:131,0
DA:135,20
DA:136,0
DA:137,0
DA:138,0
DA:139,0
DA:140,0
DA:141,0
DA:142,0
DA:143,0
DA:146,20
DA:147,0
DA:148,0
DA:149,0
DA:156,0
DA:159,20
DA:160,20
DA:161,0
DA:162,0
DA:163,0
DA:166,20
DA:168,20
LF:96
LH:16
BRDA:32,0,0,0
BRDA:32,0,1,0
BRDA:32,1,0,0
BRDA:32,1,1,0
BRDA:60,2,0,0
BRDA:60,2,1,0
BRDA:71,3,0,0
BRDA:71,3,1,0
BRDA:71,4,0,0
BRDA:71,4,1,0
BRDA:80,5,0,0
BRDA:80,5,1,0
BRDA:80,5,2,0
BRDA:80,5,3,0
BRDA:83,6,0,0
BRDA:83,6,1,0
BRDA:84,7,0,0
BRDA:84,7,1,0
BRDA:86,8,0,0
BRDA:86,8,1,0
BRDA:96,9,0,0
BRDA:96,9,1,0
BRDA:105,10,0,20
BRDA:105,10,1,0
BRDA:110,11,0,0
BRDA:110,11,1,0
BRDA:138,12,0,0
BRDA:138,12,1,0
BRDA:138,13,0,0
BRDA:138,13,1,0
BRDA:142,14,0,0
BRDA:142,14,1,0
BRDA:148,15,0,0
BRDA:148,15,1,0
BRDA:162,16,0,0
BRDA:162,16,1,0
BRF:36
BRH:1
end_of_record
TN:
SF:src/app/viewRouter.ts
FN:21,persistedToggle
FN:23,(anonymous_1)
FN:24,(anonymous_2)
FN:32,createViewRouter
FN:36,(anonymous_4)
FN:41,(anonymous_5)
FN:42,(anonymous_6)
FN:48,(anonymous_7)
FN:64,(anonymous_8)
FN:72,(anonymous_9)
FN:82,(anonymous_10)
FNF:11
FNH:6
FNDA:60,persistedToggle
FNDA:0,(anonymous_1)
FNDA:0,(anonymous_2)
FNDA:20,createViewRouter
FNDA:20,(anonymous_4)
FNDA:20,(anonymous_5)
FNDA:0,(anonymous_6)
FNDA:0,(anonymous_7)
FNDA:0,(anonymous_8)
FNDA:20,(anonymous_9)
FNDA:20,(anonymous_10)
DA:15,2
DA:22,60
DA:23,60
DA:24,0
DA:25,0
DA:26,0
DA:27,0
DA:29,60
DA:33,20
DA:34,20
DA:35,20
DA:36,20
DA:37,20
DA:38,20
DA:40,20
DA:41,20
DA:42,0
DA:44,20
DA:45,20
DA:46,20
DA:48,20
DA:49,0
DA:50,0
DA:51,0
DA:52,0
DA:54,0
DA:55,0
DA:57,0
DA:64,20
DA:65,0
DA:66,0
DA:67,0
DA:69,0
DA:72,20
DA:73,20
DA:74,20
DA:75,0
DA:76,0
DA:77,0
DA:78,0
DA:79,0
DA:82,20
DA:83,20
DA:84,20
DA:85,0
DA:86,0
DA:89,20
LF:47
LH:24
BRDA:38,0,0,0
BRDA:38,0,1,20
BRDA:42,1,0,0
BRDA:42,1,1,0
BRDA:48,2,0,0
BRDA:50,3,0,0
BRDA:50,3,1,0
BRDA:59,4,0,0
BRDA:59,4,1,0
BRDA:65,5,0,0
BRDA:65,5,1,0
BRDA:65,6,0,0
BRDA:65,6,1,0
BRDA:65,6,2,0
BRDA:74,7,0,20
BRDA:74,7,1,0
BRDA:77,8,0,0
BRDA:77,8,1,0
BRDA:84,9,0,20
BRDA:84,9,1,0
BRF:20
BRH:3
end_of_record
TN:
SF:src/app/workspaceHost.ts
FN:45,isIdleShellProc
FN:51,fetchAgentConfigs
FN:54,(anonymous_2)
FN:93,createMountedWorkspace
FN:126,workspaceIsReady
FN:130,sessionContextFor
FN:133,(anonymous_6)
FN:134,(anonymous_7)
FN:135,(anonymous_8)
FN:140,seedMountedMap
FN:146,sessionPaneIds
FN:147,(anonymous_11)
FN:156,createWorkspaceHost
FN:168,(anonymous_13)
FN:170,(anonymous_14)
FN:171,(anonymous_15)
FN:174,(anonymous_16)
FN:181,(anonymous_17)
FN:185,(anonymous_18)
FN:189,(anonymous_19)
FN:193,(anonymous_20)
FN:198,(anonymous_21)
FN:206,(anonymous_22)
FN:208,(anonymous_23)
FN:211,(anonymous_24)
FN:226,(anonymous_25)
FN:228,(anonymous_26)
FN:232,(anonymous_27)
FN:241,(anonymous_28)
FN:251,(anonymous_29)
FN:253,(anonymous_30)
FN:257,(anonymous_31)
FN:260,(anonymous_32)
FN:271,(anonymous_33)
FN:277,(anonymous_34)
FN:285,(anonymous_35)
FN:287,(anonymous_36)
FN:291,(anonymous_37)
FN:306,(anonymous_38)
FN:311,(anonymous_39)
FN:314,(anonymous_40)
FN:317,(anonymous_41)
FN:323,(anonymous_42)
FN:327,(anonymous_43)
FN:331,(anonymous_44)
FN:333,(anonymous_45)
FN:347,(anonymous_46)
FN:351,(anonymous_47)
FN:357,(anonymous_48)
FN:361,(anonymous_49)
FN:365,(anonymous_50)
FN:369,(anonymous_51)
FN:373,(anonymous_52)
FN:377,(anonymous_53)
FN:382,(anonymous_54)
FN:383,(anonymous_55)
FN:391,(anonymous_56)
FN:395,(anonymous_57)
FN:399,(anonymous_58)
FN:403,(anonymous_59)
FN:407,(anonymous_60)
FN:412,(anonymous_61)
FN:421,(anonymous_62)
FN:424,(anonymous_63)
FN:429,(anonymous_64)
FN:435,(anonymous_65)
FN:444,(anonymous_66)
FN:447,(anonymous_67)
FN:449,(anonymous_68)
FN:460,(anonymous_69)
FN:465,(anonymous_70)
FN:468,(anonymous_71)
FN:480,(anonymous_72)
FN:484,(anonymous_73)
FN:486,(anonymous_74)
FN:488,(anonymous_75)
FN:493,(anonymous_76)
FNF:77
FNH:35
FNDA:0,isIdleShellProc
FNDA:14,fetchAgentConfigs
FNDA:9,(anonymous_2)
FNDA:22,createMountedWorkspace
FNDA:38,workspaceIsReady
FNDA:16,sessionContextFor
FNDA:0,(anonymous_6)
FNDA:0,(anonymous_7)
FNDA:0,(anonymous_8)
FNDA:20,seedMountedMap
FNDA:4,sessionPaneIds
FNDA:4,(anonymous_11)
FNDA:20,createWorkspaceHost
FNDA:162,(anonymous_13)
FNDA:48,(anonymous_14)
FNDA:50,(anonymous_15)
FNDA:26,(anonymous_16)
FNDA:42,(anonymous_17)
FNDA:0,(anonymous_18)
FNDA:42,(anonymous_19)
FNDA:38,(anonymous_20)
FNDA:22,(anonymous_21)
FNDA:0,(anonymous_22)
FNDA:0,(anonymous_23)
FNDA:0,(anonymous_24)
FNDA:0,(anonymous_25)
FNDA:0,(anonymous_26)
FNDA:5,(anonymous_27)
FNDA:0,(anonymous_28)
FNDA:0,(anonymous_29)
FNDA:0,(anonymous_30)
FNDA:0,(anonymous_31)
FNDA:0,(anonymous_32)
FNDA:0,(anonymous_33)
FNDA:11,(anonymous_34)
FNDA:0,(anonymous_35)
FNDA:2,(anonymous_36)
FNDA:10,(anonymous_37)
FNDA:8,(anonymous_38)
FNDA:4,(anonymous_39)
FNDA:5,(anonymous_40)
FNDA:5,(anonymous_41)
FNDA:0,(anonymous_42)
FNDA:0,(anonymous_43)
FNDA:1,(anonymous_44)
FNDA:0,(anonymous_45)
FNDA:0,(anonymous_46)
FNDA:0,(anonymous_47)
FNDA:0,(anonymous_48)
FNDA:1,(anonymous_49)
FNDA:0,(anonymous_50)
FNDA:0,(anonymous_51)
FNDA:0,(anonymous_52)
FNDA:0,(anonymous_53)
FNDA:0,(anonymous_54)
FNDA:0,(anonymous_55)
FNDA:1,(anonymous_56)
FNDA:1,(anonymous_57)
FNDA:0,(anonymous_58)
FNDA:0,(anonymous_59)
FNDA:0,(anonymous_60)
FNDA:0,(anonymous_61)
FNDA:0,(anonymous_62)
FNDA:0,(anonymous_63)
FNDA:0,(anonymous_64)
FNDA:1,(anonymous_65)
FNDA:0,(anonymous_66)
FNDA:16,(anonymous_67)
FNDA:16,(anonymous_68)
FNDA:4,(anonymous_69)
FNDA:20,(anonymous_70)
FNDA:0,(anonymous_71)
FNDA:0,(anonymous_72)
FNDA:0,(anonymous_73)
FNDA:0,(anonymous_74)
FNDA:0,(anonymous_75)
FNDA:20,(anonymous_76)
DA:43,2
DA:46,0
DA:47,0
DA:48,0
DA:54,14
DA:55,9
DA:57,14
DA:58,14
DA:59,0
DA:60,0
DA:61,0
DA:63,0
DA:65,0
DA:67,14
DA:94,22
DA:95,22
DA:96,22
DA:97,22
DA:98,22
DA:99,22
DA:100,22
DA:101,22
DA:104,22
DA:127,38
DA:131,16
DA:133,0
DA:134,0
DA:135,0
DA:141,20
DA:142,20
DA:143,20
DA:147,4
DA:157,20
DA:158,20
DA:161,20
DA:162,20
DA:163,20
DA:164,20
DA:165,20
DA:168,162
DA:169,20
DA:170,20
DA:171,50
DA:172,48
DA:174,26
DA:176,26
DA:178,22
DA:179,22
DA:181,20
DA:182,42
DA:183,42
DA:185,20
DA:186,0
DA:187,0
DA:189,20
DA:190,42
DA:191,42
DA:193,20
DA:194,38
DA:195,38
DA:198,20
DA:202,22
DA:203,0
DA:204,0
DA:205,0
DA:206,0
DA:207,0
DA:208,0
DA:209,0
DA:211,0
DA:212,0
DA:213,0
DA:214,0
DA:215,0
DA:216,0
DA:218,0
DA:219,0
DA:221,0
DA:223,0
DA:226,22
DA:227,22
DA:228,17
DA:230,22
DA:231,5
DA:232,5
DA:233,5
DA:234,5
DA:235,5
DA:236,5
DA:241,20
DA:247,0
DA:248,0
DA:249,0
DA:250,0
DA:251,0
DA:252,0
DA:253,0
DA:254,0
DA:256,0
DA:257,0
DA:258,0
DA:260,0
DA:261,0
DA:262,0
DA:263,0
DA:264,0
DA:265,0
DA:267,0
DA:268,0
DA:269,0
DA:271,0
DA:273,0
DA:277,20
DA:278,11
DA:279,11
DA:280,11
DA:281,11
DA:282,10
DA:283,10
DA:284,10
DA:285,10
DA:286,10
DA:287,10
DA:288,10
DA:290,10
DA:291,11
DA:292,10
DA:293,8
DA:294,8
DA:296,10
DA:297,10
DA:298,10
DA:300,11
DA:302,1
DA:306,20
DA:307,8
DA:308,8
DA:309,7
DA:311,20
DA:312,4
DA:314,20
DA:315,5
DA:316,5
DA:317,5
DA:318,5
DA:319,5
DA:323,20
DA:324,0
DA:325,0
DA:326,0
DA:327,0
DA:328,0
DA:331,20
DA:333,20
DA:334,0
DA:335,0
DA:340,0
DA:341,0
DA:342,0
DA:343,0
DA:347,20
DA:348,0
DA:349,0
DA:350,0
DA:351,0
DA:352,0
DA:353,0
DA:355,0
DA:357,0
DA:358,0
DA:361,20
DA:362,1
DA:363,1
DA:365,20
DA:366,0
DA:367,0
DA:369,20
DA:370,0
DA:371,0
DA:373,20
DA:374,0
DA:375,0
DA:377,20
DA:378,0
DA:379,0
DA:380,0
DA:381,0
DA:382,0
DA:383,0
DA:384,0
DA:385,0
DA:386,0
DA:388,0
DA:389,0
DA:391,20
DA:392,1
DA:393,1
DA:394,1
DA:395,1
DA:396,1
DA:397,1
DA:399,20
DA:400,0
DA:401,0
DA:402,0
DA:403,0
DA:404,0
DA:405,0
DA:407,20
DA:408,0
DA:409,0
DA:410,0
DA:412,20
DA:413,0
DA:414,0
DA:415,0
DA:416,0
DA:417,0
DA:419,0
DA:421,20
DA:422,0
DA:423,0
DA:424,0
DA:425,0
DA:426,0
DA:427,0
DA:429,20
DA:430,0
DA:431,0
DA:432,0
DA:433,0
DA:435,20
DA:438,1
DA:439,0
DA:440,0
DA:441,0
DA:444,20
DA:445,0
DA:447,20
DA:448,16
DA:449,16
DA:450,16
DA:451,16
DA:452,16
DA:453,16
DA:454,16
DA:455,16
DA:456,4
DA:457,4
DA:460,4
DA:465,20
DA:466,20
DA:468,0
DA:469,20
DA:470,20
DA:471,20
DA:472,22
DA:474,20
DA:475,20
DA:476,22
DA:477,22
DA:478,22
DA:480,0
DA:481,22
DA:483,20
DA:485,0
DA:487,0
DA:489,0
DA:493,20
DA:494,20
DA:495,22
DA:498,20
LF:272
LH:149
BRDA:46,0,0,0
BRDA:46,0,1,0
BRDA:47,1,0,0
BRDA:47,1,1,0
BRDA:127,2,0,38
BRDA:127,2,1,30
BRDA:136,3,0,16
BRDA:136,3,1,9
BRDA:172,4,0,26
BRDA:172,4,1,22
BRDA:173,5,0,48
BRDA:173,5,1,26
BRDA:183,6,0,42
BRDA:183,6,1,0
BRDA:191,7,0,42
BRDA:191,7,1,26
BRDA:195,8,0,38
BRDA:195,8,1,37
BRDA:202,9,0,0
BRDA:202,9,1,22
BRDA:207,10,0,0
BRDA:207,10,1,0
BRDA:209,11,0,0
BRDA:209,11,1,0
BRDA:227,12,0,17
BRDA:227,12,1,5
BRDA:227,13,0,22
BRDA:227,13,1,17
BRDA:230,14,0,5
BRDA:230,14,1,17
BRDA:252,15,0,0
BRDA:252,15,1,0
BRDA:252,16,0,0
BRDA:252,16,1,0
BRDA:254,17,0,0
BRDA:254,17,1,0
BRDA:256,18,0,0
BRDA:256,18,1,0
BRDA:258,19,0,0
BRDA:258,19,1,0
BRDA:279,20,0,0
BRDA:279,20,1,11
BRDA:286,21,0,10
BRDA:286,21,1,0
BRDA:288,22,0,0
BRDA:288,22,1,10
BRDA:290,23,0,9
BRDA:290,23,1,1
BRDA:292,24,0,8
BRDA:292,24,1,2
BRDA:308,25,0,1
BRDA:308,25,1,7
BRDA:316,26,0,0
BRDA:316,26,1,5
BRDA:325,27,0,0
BRDA:325,27,1,0
BRDA:342,28,0,0
BRDA:342,28,1,0
BRDA:378,29,0,0
BRDA:378,29,1,0
BRDA:381,30,0,0
BRDA:381,30,1,0
BRDA:394,31,0,0
BRDA:394,31,1,1
BRDA:394,32,0,1
BRDA:394,32,1,1
BRDA:396,33,0,0
BRDA:396,33,1,1
BRDA:402,34,0,0
BRDA:402,34,1,0
BRDA:402,35,0,0
BRDA:402,35,1,0
BRDA:404,36,0,0
BRDA:404,36,1,0
BRDA:409,37,0,0
BRDA:409,37,1,0
BRDA:409,38,0,0
BRDA:409,38,1,0
BRDA:414,39,0,0
BRDA:414,39,1,0
BRDA:415,40,0,0
BRDA:415,40,1,0
BRDA:423,41,0,0
BRDA:423,41,1,0
BRDA:425,42,0,0
BRDA:425,42,1,0
BRDA:427,43,0,0
BRDA:427,43,1,0
BRDA:431,44,0,0
BRDA:431,44,1,0
BRDA:438,45,0,1
BRDA:438,45,1,0
BRDA:439,46,0,0
BRDA:439,46,1,0
BRDA:441,47,0,0
BRDA:441,47,1,0
BRDA:452,48,0,16
BRDA:452,48,1,0
BRDA:455,49,0,4
BRDA:455,49,1,12
BRDA:456,50,0,4
BRDA:456,50,1,4
BRDA:472,51,0,2
BRDA:472,51,1,20
BRDA:477,52,0,0
BRDA:477,52,1,22
BRDA:478,53,0,22
BRDA:478,53,1,22
BRDA:489,54,0,0
BRDA:489,54,1,0
BRF:110
BRH:45
end_of_record
TN:
SF:src/appearance/fontStorage.ts
FN:7,listSystemFonts
FN:15,validateFontFamily
FN:23,(anonymous_2)
FNF:3
FNH:3
FNDA:1,listSystemFonts
FNDA:3,validateFontFamily
FNDA:4,(anonymous_2)
DA:3,1
DA:5,1
DA:8,1
DA:19,3
DA:20,3
DA:21,1
DA:23,2
DA:24,4
DA:26,2
DA:27,1
DA:29,1
DA:30,1
LF:12
LH:12
BRDA:20,0,0,1
BRDA:20,0,1,2
BRDA:26,1,0,1
BRDA:26,1,1,1
BRF:4
BRH:4
end_of_record
TN:
SF:src/appearance/profiles.ts
FN:100,listProfiles
FN:104,loadProfile
FN:108,saveProfile
FN:115,loadActiveProfileId
FN:119,saveActiveProfileId
FN:126,isSupportedProfileVersion
FN:133,parseProfileFile
FN:144,buildProfileListEntries
FN:149,(anonymous_8)
FN:157,extractAppearanceSnapshot
FN:168,wireCustomThemeToTheme
FN:182,resolveThemeForAppearance
FN:211,applyAppearanceDocumentHints
FN:242,applyAppearanceFromSnapshot
FN:263,applyProfile
FN:282,previewProfile
FNF:16
FNH:15
FNDA:1,listProfiles
FNDA:1,loadProfile
FNDA:1,saveProfile
FNDA:1,loadActiveProfileId
FNDA:2,saveActiveProfileId
FNDA:6,isSupportedProfileVersion
FNDA:3,parseProfileFile
FNDA:1,buildProfileListEntries
FNDA:3,(anonymous_8)
FNDA:6,extractAppearanceSnapshot
FNDA:0,wireCustomThemeToTheme
FNDA:4,resolveThemeForAppearance
FNDA:5,applyAppearanceDocumentHints
FNDA:4,applyAppearanceFromSnapshot
FNDA:2,applyProfile
FNDA:1,previewProfile
DA:16,1
DA:91,1
DA:92,1
DA:94,1
DA:95,1
DA:96,1
DA:97,1
DA:101,1
DA:105,1
DA:112,1
DA:116,1
DA:122,2
DA:129,6
DA:134,3
DA:135,0
DA:137,3
DA:138,3
DA:139,2
DA:141,1
DA:149,3
DA:160,6
DA:161,6
DA:162,0
DA:164,6
DA:169,0
DA:179,0
DA:186,4
DA:187,4
DA:188,0
DA:191,4
DA:192,4
DA:193,4
DA:196,0
DA:197,0
DA:200,0
DA:204,0
DA:205,0
DA:207,0
DA:214,5
DA:216,5
DA:217,1
DA:220,5
DA:221,1
DA:224,5
DA:225,0
DA:228,5
DA:229,0
DA:232,5
DA:234,5
DA:235,5
DA:236,5
DA:237,5
DA:238,5
DA:246,4
DA:247,4
DA:249,4
DA:250,4
DA:253,0
DA:254,0
DA:259,4
DA:267,2
DA:269,2
DA:270,1
DA:273,2
DA:274,1
DA:277,1
DA:286,1
LF:67
LH:52
BRDA:134,0,0,0
BRDA:134,0,1,3
BRDA:134,1,0,3
BRDA:134,1,1,3
BRDA:134,1,2,3
BRDA:138,2,0,2
BRDA:138,2,1,1
BRDA:152,3,0,1
BRDA:152,3,1,2
BRDA:153,4,0,1
BRDA:153,4,1,2
BRDA:161,5,0,0
BRDA:161,5,1,6
BRDA:161,6,0,6
BRDA:161,6,1,6
BRDA:161,6,2,6
BRDA:179,7,0,0
BRDA:179,7,1,0
BRDA:186,8,0,4
BRDA:186,8,1,0
BRDA:187,9,0,0
BRDA:187,9,1,4
BRDA:192,10,0,4
BRDA:192,10,1,0
BRDA:196,11,0,0
BRDA:196,11,1,0
BRDA:204,12,0,0
BRDA:204,12,1,0
BRDA:216,13,0,1
BRDA:216,13,1,4
BRDA:220,14,0,1
BRDA:220,14,1,4
BRDA:224,15,0,0
BRDA:224,15,1,5
BRDA:228,16,0,0
BRDA:228,16,1,5
BRDA:234,17,0,0
BRDA:234,17,1,5
BRDA:235,18,0,0
BRDA:235,18,1,5
BRDA:236,19,0,5
BRDA:236,19,1,5
BRDA:237,20,0,5
BRDA:237,20,1,5
BRDA:238,21,0,5
BRDA:238,21,1,5
BRDA:249,22,0,4
BRDA:249,22,1,0
BRDA:253,23,0,0
BRDA:253,23,1,0
BRDA:265,24,0,2
BRDA:269,25,0,1
BRDA:269,25,1,1
BRDA:273,26,0,1
BRDA:273,26,1,1
BRDA:274,27,0,1
BRDA:274,27,1,0
BRDA:274,27,2,0
BRF:58
BRH:38
end_of_record
TN:
SF:src/appearance/settings.ts
FN:48,isCursorShape
FN:52,isCursorBlink
FN:56,isBellBehavior
FN:60,parseAppearanceSettings
FN:115,loadAppearanceSettings
FN:122,saveAppearanceSettings
FN:130,getCommittedAppearanceSettings
FN:134,subscribeAppearanceSettings
FN:138,(anonymous_8)
FN:141,applyDocumentAppearance
FN:158,applyAppearanceSettings
FN:173,_resetAppearanceForTest
FNF:12
FNH:12
FNDA:28,isCursorShape
FNDA:28,isCursorBlink
FNDA:28,isBellBehavior
FNDA:33,parseAppearanceSettings
FNDA:23,loadAppearanceSettings
FNDA:9,saveAppearanceSettings
FNDA:22,getCommittedAppearanceSettings
FNDA:1,subscribeAppearanceSettings
FNDA:1,(anonymous_8)
FNDA:3,applyDocumentAppearance
FNDA:3,applyAppearanceSettings
FNDA:21,_resetAppearanceForTest
DA:21,7
DA:22,7
DA:23,7
DA:45,7
DA:46,7
DA:49,28
DA:53,28
DA:57,28
DA:61,33
DA:62,33
DA:63,5
DA:65,28
DA:67,28
DA:68,12
DA:70,28
DA:71,13
DA:73,28
DA:74,12
DA:76,28
DA:77,12
DA:79,28
DA:80,12
DA:82,28
DA:83,16
DA:85,28
DA:86,15
DA:88,28
DA:89,0
DA:91,28
DA:92,16
DA:94,28
DA:95,12
DA:97,28
DA:98,12
DA:100,28
DA:105,8
DA:106,8
DA:107,11
DA:109,8
DA:112,28
DA:116,23
DA:117,8
DA:118,8
DA:119,8
DA:125,9
DA:126,9
DA:127,9
DA:131,22
DA:137,1
DA:138,1
DA:142,3
DA:144,3
DA:145,3
DA:146,3
DA:147,3
DA:149,3
DA:150,3
DA:151,3
DA:152,3
DA:153,3
DA:155,3
DA:159,3
DA:160,3
DA:162,3
DA:163,3
DA:166,3
DA:168,3
DA:169,0
DA:174,21
DA:175,21
DA:176,21
LF:71
LH:69
BRDA:49,0,0,28
BRDA:49,0,1,17
BRDA:53,1,0,28
BRDA:53,1,1,16
BRDA:57,2,0,28
BRDA:57,2,1,17
BRDA:62,3,0,5
BRDA:62,3,1,28
BRDA:62,4,0,33
BRDA:62,4,1,28
BRDA:62,4,2,28
BRDA:67,5,0,12
BRDA:67,5,1,16
BRDA:67,6,0,28
BRDA:67,6,1,12
BRDA:70,7,0,13
BRDA:70,7,1,15
BRDA:73,8,0,12
BRDA:73,8,1,16
BRDA:73,9,0,28
BRDA:73,9,1,12
BRDA:76,10,0,12
BRDA:76,10,1,16
BRDA:79,11,0,12
BRDA:79,11,1,16
BRDA:82,12,0,16
BRDA:82,12,1,12
BRDA:85,13,0,15
BRDA:85,13,1,13
BRDA:88,14,0,0
BRDA:88,14,1,28
BRDA:88,15,0,28
BRDA:88,15,1,0
BRDA:91,16,0,16
BRDA:91,16,1,12
BRDA:94,17,0,12
BRDA:94,17,1,16
BRDA:97,18,0,12
BRDA:97,18,1,16
BRDA:100,19,0,8
BRDA:100,19,1,20
BRDA:101,20,0,28
BRDA:101,20,1,8
BRDA:101,20,2,8
BRDA:107,21,0,11
BRDA:107,21,1,0
BRDA:107,22,0,11
BRDA:107,22,1,11
BRDA:109,23,0,8
BRDA:109,23,1,0
BRDA:149,24,0,1
BRDA:149,24,1,2
BRDA:150,25,0,1
BRDA:150,25,1,2
BRF:54
BRH:50
end_of_record
TN:
SF:src/appearance/types.ts
FN:37,clampFontSize
FNF:1
FNH:1
FNDA:28,clampFontSize
DA:3,15
DA:24,15
DA:38,28
DA:39,0
DA:41,28
LF:5
LH:4
BRDA:38,0,0,0
BRDA:38,0,1,28
BRF:2
BRH:1
end_of_record
TN:
SF:src/appearance/windowEffects.ts
FN:11,normalizePlatform
FN:26,detectPlatformFromNavigator
FN:50,detectPlatform
FN:57,resolvePlatform
FN:69,clampOpacity
FN:77,applyCssWindowOpacity
FN:94,clearCssWindowOpacity
FN:101,applyNativeWindowEffects
FN:116,clearNativeWindowEffects
FN:131,applyWindowEffects
FN:151,clearWindowEffects
FN:157,initWindowEffectsFromAppearance
FN:171,_resetWindowEffectsForTest
FNF:13
FNH:13
FNDA:6,normalizePlatform
FNDA:3,detectPlatformFromNavigator
FNDA:1,detectPlatform
FNDA:30,resolvePlatform
FNDA:30,clampOpacity
FNDA:30,applyCssWindowOpacity
FNDA:8,clearCssWindowOpacity
FNDA:2,applyNativeWindowEffects
FNDA:1,clearNativeWindowEffects
FNDA:30,applyWindowEffects
FNDA:1,clearWindowEffects
FNDA:5,initWindowEffectsFromAppearance
FNDA:7,_resetWindowEffectsForTest
DA:5,4
DA:9,4
DA:12,6
DA:15,1
DA:17,1
DA:19,3
DA:21,1
DA:27,3
DA:28,0
DA:31,3
DA:32,3
DA:33,0
DA:35,3
DA:36,0
DA:38,3
DA:39,0
DA:42,3
DA:43,3
DA:44,3
DA:45,3
DA:47,3
DA:51,1
DA:52,0
DA:54,1
DA:58,30
DA:59,22
DA:61,8
DA:62,8
DA:64,2
DA:66,8
DA:70,30
DA:71,25
DA:73,5
DA:78,30
DA:79,30
DA:81,30
DA:82,25
DA:83,25
DA:84,25
DA:85,25
DA:88,5
DA:89,5
DA:90,5
DA:91,5
DA:95,8
DA:96,8
DA:97,8
DA:98,8
DA:102,2
DA:103,0
DA:106,2
DA:107,2
DA:109,2
DA:110,2
DA:112,2
DA:117,1
DA:118,1
DA:119,1
DA:134,30
DA:135,30
DA:137,30
DA:138,0
DA:139,0
DA:142,30
DA:144,30
DA:145,28
DA:148,2
DA:152,1
DA:153,1
DA:161,5
DA:165,5
DA:172,7
DA:173,7
LF:73
LH:65
BRDA:12,0,0,1
BRDA:12,0,1,1
BRDA:12,0,2,1
BRDA:12,0,3,3
BRDA:12,0,4,1
BRDA:27,1,0,0
BRDA:27,1,1,3
BRDA:32,2,0,0
BRDA:32,2,1,3
BRDA:32,3,0,3
BRDA:32,3,1,3
BRDA:35,4,0,0
BRDA:35,4,1,3
BRDA:38,5,0,0
BRDA:38,5,1,3
BRDA:38,6,0,3
BRDA:38,6,1,3
BRDA:42,7,0,3
BRDA:42,7,1,0
BRDA:43,8,0,0
BRDA:43,8,1,3
BRDA:44,9,0,0
BRDA:44,9,1,3
BRDA:45,10,0,0
BRDA:45,10,1,3
BRDA:51,11,0,0
BRDA:51,11,1,1
BRDA:58,12,0,22
BRDA:58,12,1,8
BRDA:70,13,0,25
BRDA:70,13,1,5
BRDA:70,14,0,30
BRDA:70,14,1,5
BRDA:81,15,0,25
BRDA:81,15,1,5
BRDA:102,16,0,0
BRDA:102,16,1,2
BRDA:102,17,0,2
BRDA:102,17,1,1
BRDA:109,18,0,1
BRDA:109,18,1,1
BRDA:132,19,0,30
BRDA:134,20,0,30
BRDA:137,21,0,0
BRDA:137,21,1,30
BRDA:144,22,0,28
BRDA:144,22,1,2
BRDA:144,23,0,30
BRDA:144,23,1,30
BRDA:144,23,2,23
BRDA:158,24,0,5
BRDA:161,25,0,0
BRDA:161,25,1,5
BRDA:167,26,0,5
BRDA:167,26,1,0
BRF:55
BRH:42
end_of_record
TN:
SF:src/canvas/CanvasRoot.tsx
FN:113,CanvasRoot
FN:150,(anonymous_1)
FN:151,(anonymous_2)
FN:152,(anonymous_3)
FN:153,(anonymous_4)
FN:159,(anonymous_5)
FN:163,(anonymous_6)
FN:164,(anonymous_7)
FN:166,(anonymous_8)
FN:167,(anonymous_9)
FN:168,(anonymous_10)
FN:170,(anonymous_11)
FN:179,(anonymous_12)
FN:182,(anonymous_13)
FN:188,(anonymous_14)
FN:198,(anonymous_15)
FN:199,(anonymous_16)
FN:199,(anonymous_17)
FN:207,(anonymous_18)
FN:215,(anonymous_19)
FN:221,(anonymous_20)
FN:224,(anonymous_21)
FN:238,(anonymous_22)
FN:240,(anonymous_23)
FN:243,(anonymous_24)
FN:245,(anonymous_25)
FN:247,(anonymous_26)
FN:254,(anonymous_27)
FN:256,(anonymous_28)
FN:262,(anonymous_29)
FN:264,(anonymous_30)
FN:267,(anonymous_31)
FN:274,(anonymous_32)
FN:275,(anonymous_33)
FN:276,(anonymous_34)
FN:278,(anonymous_35)
FN:283,(anonymous_36)
FN:287,(anonymous_37)
FN:288,(anonymous_38)
FN:297,(anonymous_39)
FN:302,(anonymous_40)
FN:307,(anonymous_41)
FN:308,(anonymous_42)
FN:309,(anonymous_43)
FN:310,(anonymous_44)
FN:314,(anonymous_45)
FN:314,(anonymous_46)
FN:315,(anonymous_47)
FN:315,(anonymous_48)
FN:316,(anonymous_49)
FN:316,(anonymous_50)
FN:317,(anonymous_51)
FN:318,(anonymous_52)
FN:321,(anonymous_53)
FN:323,(anonymous_54)
FN:326,(anonymous_55)
FN:328,(anonymous_56)
FN:330,(anonymous_57)
FN:331,(anonymous_58)
FN:335,(anonymous_59)
FN:339,(anonymous_60)
FN:346,(anonymous_61)
FN:347,(anonymous_62)
FN:348,(anonymous_63)
FN:350,(anonymous_64)
FN:369,(anonymous_65)
FN:372,(anonymous_66)
FN:373,(anonymous_67)
FN:388,(anonymous_68)
FN:390,(anonymous_69)
FN:403,(anonymous_70)
FN:409,(anonymous_71)
FN:416,(anonymous_72)
FN:421,(anonymous_73)
FN:439,(anonymous_74)
FN:449,(anonymous_75)
FN:458,(anonymous_76)
FN:462,(anonymous_77)
FN:471,(anonymous_78)
FN:477,(anonymous_79)
FN:501,(anonymous_80)
FN:503,(anonymous_81)
FN:507,(anonymous_82)
FN:515,(anonymous_83)
FN:530,(anonymous_84)
FN:539,(anonymous_85)
FN:544,(anonymous_86)
FN:544,(anonymous_87)
FN:547,(anonymous_88)
FN:561,(anonymous_89)
FN:570,(anonymous_90)
FN:575,(anonymous_91)
FN:581,(anonymous_92)
FN:588,(anonymous_93)
FN:592,(anonymous_94)
FN:594,(anonymous_95)
FN:602,(anonymous_96)
FN:605,(anonymous_97)
FN:616,(anonymous_98)
FN:632,(anonymous_99)
FN:650,each
FN:650,(anonymous_101)
FN:652,(anonymous_102)
FN:653,(anonymous_103)
FN:657,focused
FN:658,selected
FN:659,dragging
FN:660,process
FN:660,(anonymous_108)
FN:660,(anonymous_109)
FN:661,prefixActive
FN:662,prefixReserved
FN:663,isAgent
FN:663,(anonymous_113)
FN:664,roleColor
FN:665,isStreaming
FN:665,(anonymous_116)
FN:666,costUsd
FN:667,restoredLineCount
FN:668,closeBanner
FN:669,(anonymous_120)
FN:670,(anonymous_121)
FN:671,(anonymous_122)
FN:672,(anonymous_123)
FN:676,(anonymous_124)
FN:680,(anonymous_125)
FN:684,(anonymous_126)
FN:685,(anonymous_127)
FN:686,(anonymous_128)
FN:687,(anonymous_129)
FN:691,children
FN:694,when
FN:694,fallback
FN:695,(anonymous_133)
FN:697,text
FN:698,focused_2
FN:699,(anonymous_136)
FN:702,path
FN:702,line
FN:702,workspacePath
FN:703,children_2
FN:706,when_2
FN:707,fallback_2
FN:709,paneId
FN:710,cwd
FN:711,shell
FN:712,process_2
FN:713,budget
FN:714,roleColor_2
FN:714,(anonymous_149)
FN:714,children_3
FN:718,when_3
FN:718,(anonymous_152)
FN:722,cwd_2
FN:723,shell_2
FN:724,index
FN:726,restoredScrollback
FN:727,(anonymous_157)
FN:728,(anonymous_158)
FN:734,agentConfig
FN:735,workspacePath_2
FN:736,nativeSessionId
FN:737,nativeSidecarId
FN:747,when_4
FN:747,(anonymous_164)
FN:748,(anonymous_165)
FN:748,(anonymous_166)
FN:756,each_2
FN:756,(anonymous_168)
FN:757,(anonymous_169)
FN:757,(anonymous_170)
FN:766,when_5
FN:766,children_4
FN:768,nodes
FN:769,view
FN:770,viewport
FN:771,focusedId
FN:772,(anonymous_177)
FN:780,when_6
FN:780,children_5
FN:783,when_7
FN:783,children_6
FN:786,when_8
FN:786,(anonymous_183)
FN:787,(anonymous_184)
FN:787,(anonymous_185)
FN:793,(anonymous_186)
FN:96,mapCliToRoleColor
FNF:188
FNH:160
FNDA:27,CanvasRoot
FNDA:174,(anonymous_1)
FNDA:261,(anonymous_2)
FNDA:0,(anonymous_3)
FNDA:0,(anonymous_4)
FNDA:7,(anonymous_5)
FNDA:28,(anonymous_6)
FNDA:28,(anonymous_7)
FNDA:115,(anonymous_8)
FNDA:62,(anonymous_9)
FNDA:27,(anonymous_10)
FNDA:27,(anonymous_11)
FNDA:21,(anonymous_12)
FNDA:21,(anonymous_13)
FNDA:8,(anonymous_14)
FNDA:13,(anonymous_15)
FNDA:13,(anonymous_16)
FNDA:1,(anonymous_17)
FNDA:3,(anonymous_18)
FNDA:4,(anonymous_19)
FNDA:4,(anonymous_20)
FNDA:4,(anonymous_21)
FNDA:14,(anonymous_22)
FNDA:14,(anonymous_23)
FNDA:1,(anonymous_24)
FNDA:1,(anonymous_25)
FNDA:1,(anonymous_26)
FNDA:2,(anonymous_27)
FNDA:1,(anonymous_28)
FNDA:8,(anonymous_29)
FNDA:1,(anonymous_30)
FNDA:7,(anonymous_31)
FNDA:1,(anonymous_32)
FNDA:1,(anonymous_33)
FNDA:1,(anonymous_34)
FNDA:1,(anonymous_35)
FNDA:2,(anonymous_36)
FNDA:1,(anonymous_37)
FNDA:2,(anonymous_38)
FNDA:1,(anonymous_39)
FNDA:2,(anonymous_40)
FNDA:14,(anonymous_41)
FNDA:2,(anonymous_42)
FNDA:1,(anonymous_43)
FNDA:2,(anonymous_44)
FNDA:0,(anonymous_45)
FNDA:0,(anonymous_46)
FNDA:0,(anonymous_47)
FNDA:0,(anonymous_48)
FNDA:4,(anonymous_49)
FNDA:4,(anonymous_50)
FNDA:1,(anonymous_51)
FNDA:1,(anonymous_52)
FNDA:0,(anonymous_53)
FNDA:0,(anonymous_54)
FNDA:2,(anonymous_55)
FNDA:2,(anonymous_56)
FNDA:2,(anonymous_57)
FNDA:2,(anonymous_58)
FNDA:1,(anonymous_59)
FNDA:3,(anonymous_60)
FNDA:0,(anonymous_61)
FNDA:2,(anonymous_62)
FNDA:3,(anonymous_63)
FNDA:1,(anonymous_64)
FNDA:1,(anonymous_65)
FNDA:1,(anonymous_66)
FNDA:1,(anonymous_67)
FNDA:10,(anonymous_68)
FNDA:10,(anonymous_69)
FNDA:3,(anonymous_70)
FNDA:1,(anonymous_71)
FNDA:2,(anonymous_72)
FNDA:2,(anonymous_73)
FNDA:2,(anonymous_74)
FNDA:1,(anonymous_75)
FNDA:1,(anonymous_76)
FNDA:1,(anonymous_77)
FNDA:1,(anonymous_78)
FNDA:11,(anonymous_79)
FNDA:1,(anonymous_80)
FNDA:1,(anonymous_81)
FNDA:2,(anonymous_82)
FNDA:3,(anonymous_83)
FNDA:6,(anonymous_84)
FNDA:7,(anonymous_85)
FNDA:10,(anonymous_86)
FNDA:3,(anonymous_87)
FNDA:6,(anonymous_88)
FNDA:6,(anonymous_89)
FNDA:6,(anonymous_90)
FNDA:6,(anonymous_91)
FNDA:1,(anonymous_92)
FNDA:1,(anonymous_93)
FNDA:1,(anonymous_94)
FNDA:1,(anonymous_95)
FNDA:27,(anonymous_96)
FNDA:0,(anonymous_97)
FNDA:27,(anonymous_98)
FNDA:28,(anonymous_99)
FNDA:47,each
FNDA:53,(anonymous_101)
FNDA:598,(anonymous_102)
FNDA:13,(anonymous_103)
FNDA:741,focused
FNDA:248,selected
FNDA:124,dragging
FNDA:142,process
FNDA:142,(anonymous_108)
FNDA:137,(anonymous_109)
FNDA:0,prefixActive
FNDA:53,prefixReserved
FNDA:566,isAgent
FNDA:566,(anonymous_113)
FNDA:3,roleColor
FNDA:4,isStreaming
FNDA:4,(anonymous_116)
FNDA:2,costUsd
FNDA:56,restoredLineCount
FNDA:56,closeBanner
FNDA:7,(anonymous_120)
FNDA:6,(anonymous_121)
FNDA:1,(anonymous_122)
FNDA:0,(anonymous_123)
FNDA:0,(anonymous_124)
FNDA:0,(anonymous_125)
FNDA:0,(anonymous_126)
FNDA:0,(anonymous_127)
FNDA:0,(anonymous_128)
FNDA:0,(anonymous_129)
FNDA:53,children
FNDA:53,when
FNDA:2,fallback
FNDA:2,(anonymous_133)
FNDA:3,text
FNDA:2,focused_2
FNDA:0,(anonymous_136)
FNDA:5,path
FNDA:6,line
FNDA:2,workspacePath
FNDA:51,children_2
FNDA:98,when_2
FNDA:7,fallback_2
FNDA:16,paneId
FNDA:7,cwd
FNDA:7,shell
FNDA:7,process_2
FNDA:7,budget
FNDA:11,roleColor_2
FNDA:11,(anonymous_149)
FNDA:55,children_3
FNDA:55,when_3
FNDA:55,(anonymous_152)
FNDA:0,cwd_2
FNDA:0,shell_2
FNDA:55,index
FNDA:0,restoredScrollback
FNDA:0,(anonymous_157)
FNDA:0,(anonymous_158)
FNDA:0,agentConfig
FNDA:0,workspacePath_2
FNDA:0,nativeSessionId
FNDA:0,nativeSidecarId
FNDA:34,when_4
FNDA:3,(anonymous_164)
FNDA:3,(anonymous_165)
FNDA:4,(anonymous_166)
FNDA:38,each_2
FNDA:3,(anonymous_168)
FNDA:3,(anonymous_169)
FNDA:3,(anonymous_170)
FNDA:47,when_5
FNDA:6,children_4
FNDA:97,nodes
FNDA:62,view
FNDA:62,viewport
FNDA:36,focusedId
FNDA:36,(anonymous_177)
FNDA:27,when_6
FNDA:2,children_5
FNDA:34,when_7
FNDA:3,children_6
FNDA:30,when_8
FNDA:1,(anonymous_183)
FNDA:1,(anonymous_184)
FNDA:2,(anonymous_185)
FNDA:75,(anonymous_186)
FNDA:13,mapCliToRoleColor
DA:93,1
DA:94,1
DA:97,13
DA:100,6
DA:103,0
DA:105,7
DA:107,0
DA:109,0
DA:113,1
DA:132,27
DA:134,27
DA:135,27
DA:138,27
DA:141,27
DA:142,27
DA:143,27
DA:144,27
DA:145,27
DA:146,27
DA:147,27
DA:148,27
DA:150,174
DA:151,261
DA:152,27
DA:153,0
DA:154,0
DA:155,0
DA:156,0
DA:157,0
DA:159,27
DA:160,7
DA:163,28
DA:164,28
DA:166,115
DA:167,62
DA:168,27
DA:170,27
DA:171,27
DA:172,27
DA:173,27
DA:174,27
DA:178,27
DA:179,27
DA:180,21
DA:181,21
DA:182,21
DA:183,21
DA:184,21
DA:188,27
DA:189,8
DA:190,8
DA:191,7
DA:192,7
DA:193,7
DA:195,1
DA:196,1
DA:199,13
DA:201,1
DA:202,1
DA:207,27
DA:208,3
DA:209,3
DA:210,3
DA:211,3
DA:215,27
DA:216,4
DA:217,4
DA:218,4
DA:221,27
DA:222,4
DA:223,4
DA:225,4
DA:226,4
DA:227,4
DA:228,6
DA:229,6
DA:231,4
DA:234,4
DA:235,4
DA:238,27
DA:239,14
DA:240,14
DA:243,27
DA:244,1
DA:245,1
DA:246,1
DA:247,1
DA:248,1
DA:249,1
DA:250,1
DA:254,27
DA:255,2
DA:256,1
DA:257,1
DA:259,1
DA:262,27
DA:263,8
DA:264,1
DA:267,27
DA:268,7
DA:269,7
DA:270,7
DA:273,27
DA:274,1
DA:276,1
DA:277,1
DA:278,1
DA:279,1
DA:280,1
DA:281,1
DA:283,2
DA:284,1
DA:285,1
DA:288,2
DA:289,1
DA:290,1
DA:297,1
DA:298,1
DA:299,1
DA:300,1
DA:302,2
DA:303,1
DA:304,1
DA:305,1
DA:307,14
DA:308,2
DA:309,1
DA:311,2
DA:312,2
DA:314,0
DA:315,0
DA:316,4
DA:318,1
DA:319,1
DA:322,0
DA:323,0
DA:324,0
DA:327,2
DA:328,2
DA:330,2
DA:332,2
DA:333,2
DA:336,1
DA:337,1
DA:340,3
DA:341,3
DA:342,3
DA:343,3
DA:344,3
DA:346,0
DA:348,3
DA:349,2
DA:350,1
DA:351,1
DA:352,1
DA:353,1
DA:355,1
DA:356,1
DA:358,1
DA:359,1
DA:360,1
DA:361,1
DA:369,2
DA:370,2
DA:373,1
DA:374,1
DA:375,1
DA:377,1
DA:387,27
DA:388,27
DA:389,10
DA:390,10
DA:391,10
DA:392,10
DA:393,10
DA:394,10
DA:395,10
DA:397,10
DA:398,10
DA:399,10
DA:400,10
DA:403,27
DA:404,3
DA:405,3
DA:409,27
DA:410,1
DA:411,1
DA:412,1
DA:413,1
DA:414,1
DA:416,27
DA:417,2
DA:418,2
DA:419,2
DA:420,2
DA:421,2
DA:422,2
DA:423,2
DA:439,27
DA:440,2
DA:441,1
DA:442,1
DA:443,1
DA:444,1
DA:449,27
DA:450,1
DA:451,1
DA:452,1
DA:453,1
DA:454,1
DA:458,27
DA:459,1
DA:460,1
DA:461,1
DA:462,1
DA:464,1
DA:465,1
DA:466,1
DA:467,1
DA:468,1
DA:469,2
DA:470,1
DA:472,1
DA:477,27
DA:478,11
DA:479,2
DA:480,2
DA:481,2
DA:482,0
DA:483,2
DA:485,9
DA:486,11
DA:487,11
DA:488,3
DA:489,3
DA:490,3
DA:491,2
DA:492,1
DA:493,1
DA:495,1
DA:497,2
DA:498,11
DA:499,11
DA:500,11
DA:501,11
DA:503,1
DA:504,1
DA:505,1
DA:509,2
DA:510,2
DA:515,27
DA:516,3
DA:517,1
DA:518,1
DA:519,1
DA:520,1
DA:521,1
DA:523,2
DA:524,3
DA:525,1
DA:526,1
DA:530,27
DA:531,6
DA:532,6
DA:533,6
DA:534,6
DA:535,6
DA:536,6
DA:537,6
DA:538,6
DA:540,7
DA:541,7
DA:544,10
DA:545,6
DA:546,6
DA:547,6
DA:549,6
DA:550,6
DA:551,6
DA:552,6
DA:553,6
DA:554,2
DA:556,4
DA:557,4
DA:558,4
DA:559,4
DA:561,6
DA:562,6
DA:563,7
DA:564,7
DA:565,7
DA:566,7
DA:569,6
DA:572,6
DA:573,6
DA:574,6
DA:575,6
DA:576,6
DA:581,27
DA:582,1
DA:583,1
DA:584,1
DA:585,1
DA:586,1
DA:587,1
DA:588,1
DA:590,1
DA:591,1
DA:592,1
DA:593,1
DA:596,1
DA:597,1
DA:602,27
DA:603,27
DA:604,27
DA:605,0
DA:606,27
DA:607,27
DA:608,27
DA:609,27
DA:610,27
DA:611,27
DA:612,27
DA:613,27
DA:614,27
DA:616,27
DA:617,27
DA:618,27
DA:619,27
DA:620,27
DA:621,27
DA:622,27
DA:623,27
DA:624,27
DA:625,27
DA:626,27
DA:627,27
DA:628,27
DA:629,49
DA:632,27
DA:634,27
DA:636,75
DA:637,75
DA:638,75
DA:639,75
DA:640,75
DA:643,1
DA:644,27
DA:648,75
DA:650,47
DA:652,598
DA:653,13
DA:654,53
DA:657,741
DA:658,248
DA:659,124
DA:660,142
DA:661,0
DA:662,53
DA:663,566
DA:664,3
DA:665,4
DA:666,2
DA:667,56
DA:668,56
DA:669,7
DA:670,6
DA:671,1
DA:673,0
DA:674,0
DA:677,0
DA:678,0
DA:681,0
DA:682,0
DA:684,0
DA:685,0
DA:687,0
DA:688,0
DA:689,0
DA:690,0
DA:691,53
DA:694,53
DA:695,2
DA:697,3
DA:698,2
DA:699,0
DA:702,6
DA:703,51
DA:706,98
DA:707,7
DA:709,16
DA:710,7
DA:711,7
DA:712,7
DA:713,7
DA:714,55
DA:718,55
DA:719,55
DA:722,0
DA:723,0
DA:724,55
DA:726,0
DA:728,0
DA:729,0
DA:730,0
DA:731,0
DA:734,0
DA:735,0
DA:736,0
DA:737,0
DA:745,27
DA:747,34
DA:748,3
DA:751,4
DA:752,4
DA:754,27
DA:756,38
DA:757,3
DA:759,3
DA:760,3
DA:761,3
DA:763,27
DA:766,47
DA:768,97
DA:769,62
DA:770,62
DA:771,36
DA:773,36
DA:774,36
DA:775,30
DA:777,27
DA:780,27
DA:783,34
DA:786,30
DA:787,1
DA:791,2
DA:793,27
DA:797,1
LF:438
LH:397
BRDA:134,0,0,2
BRDA:134,0,1,25
BRDA:136,1,0,2
BRDA:136,1,1,25
BRDA:140,2,0,2
BRDA:140,2,1,25
BRDA:155,3,0,0
BRDA:155,3,1,0
BRDA:160,4,0,1
BRDA:160,4,1,6
BRDA:172,5,0,27
BRDA:172,5,1,0
BRDA:173,6,0,27
BRDA:173,6,1,0
BRDA:174,7,0,0
BRDA:174,7,1,27
BRDA:174,8,0,0
BRDA:174,8,1,27
BRDA:183,9,0,9
BRDA:183,9,1,12
BRDA:190,10,0,7
BRDA:190,10,1,1
BRDA:209,11,0,0
BRDA:209,11,1,3
BRDA:211,12,0,2
BRDA:211,12,1,1
BRDA:255,13,0,1
BRDA:255,13,1,1
BRDA:256,14,0,1
BRDA:256,14,1,0
BRDA:263,15,0,7
BRDA:263,15,1,1
BRDA:268,16,0,0
BRDA:268,16,1,7
BRDA:269,17,0,6
BRDA:269,17,1,1
BRDA:307,18,0,3
BRDA:307,18,1,11
BRDA:311,19,0,2
BRDA:311,19,1,0
BRDA:322,20,0,0
BRDA:322,20,1,0
BRDA:333,21,0,2
BRDA:333,21,1,0
BRDA:337,22,0,1
BRDA:337,22,1,0
BRDA:341,23,0,2
BRDA:341,23,1,1
BRDA:341,24,0,3
BRDA:341,24,1,2
BRDA:348,25,0,3
BRDA:348,25,1,1
BRDA:349,26,0,1
BRDA:349,26,1,1
BRDA:352,27,0,1
BRDA:352,27,1,0
BRDA:363,28,0,1
BRDA:363,28,1,0
BRDA:364,29,0,1
BRDA:364,29,1,0
BRDA:365,30,0,1
BRDA:365,30,1,0
BRDA:375,31,0,1
BRDA:375,31,1,0
BRDA:375,32,0,1
BRDA:375,32,1,1
BRDA:411,33,0,0
BRDA:411,33,1,1
BRDA:418,34,0,0
BRDA:418,34,1,2
BRDA:431,35,0,2
BRDA:431,35,1,0
BRDA:433,36,0,1
BRDA:433,36,1,1
BRDA:440,37,0,1
BRDA:440,37,1,1
BRDA:441,38,0,1
BRDA:441,38,1,0
BRDA:450,39,0,0
BRDA:450,39,1,1
BRDA:450,40,0,1
BRDA:450,40,1,1
BRDA:450,40,2,1
BRDA:450,40,3,1
BRDA:452,41,0,0
BRDA:452,41,1,1
BRDA:452,42,0,1
BRDA:452,42,1,1
BRDA:454,43,0,1
BRDA:454,43,1,0
BRDA:478,44,0,2
BRDA:478,44,1,9
BRDA:481,45,0,2
BRDA:481,45,1,0
BRDA:485,46,0,9
BRDA:485,46,1,9
BRDA:486,47,0,11
BRDA:486,47,1,9
BRDA:487,48,0,6
BRDA:487,48,1,5
BRDA:487,49,0,11
BRDA:487,49,1,7
BRDA:488,50,0,0
BRDA:488,50,1,3
BRDA:488,51,0,3
BRDA:488,51,1,1
BRDA:490,52,0,2
BRDA:490,52,1,1
BRDA:490,53,0,3
BRDA:490,53,1,2
BRDA:491,54,0,1
BRDA:491,54,1,1
BRDA:516,55,0,1
BRDA:516,55,1,2
BRDA:516,56,0,3
BRDA:516,56,1,2
BRDA:524,57,0,1
BRDA:524,57,1,2
BRDA:531,58,0,0
BRDA:531,58,1,6
BRDA:532,59,0,0
BRDA:532,59,1,6
BRDA:534,60,0,0
BRDA:534,60,1,6
BRDA:536,61,0,0
BRDA:536,61,1,6
BRDA:537,62,0,1
BRDA:537,62,1,5
BRDA:541,63,0,7
BRDA:541,63,1,0
BRDA:553,64,0,2
BRDA:553,64,1,4
BRDA:564,65,0,0
BRDA:564,65,1,7
BRDA:582,66,0,0
BRDA:582,66,1,1
BRDA:584,67,0,0
BRDA:584,67,1,1
BRDA:605,68,0,27
BRDA:605,68,1,0
BRDA:613,69,0,2
BRDA:613,69,1,25
BRDA:628,70,0,12
BRDA:628,70,1,15
BRDA:643,71,0,1
BRDA:643,71,1,0
BRDA:634,72,0,0
BRDA:634,72,1,27
BRDA:660,73,0,5
BRDA:660,73,1,137
BRDA:660,74,0,2
BRDA:660,74,1,135
BRDA:663,75,0,566
BRDA:663,75,1,14
BRDA:665,76,0,0
BRDA:665,76,1,4
BRDA:668,77,0,56
BRDA:668,77,1,54
BRDA:694,78,0,53
BRDA:694,78,1,3
BRDA:694,79,0,1
BRDA:694,79,1,1
BRDA:697,80,0,3
BRDA:697,80,1,0
BRDA:702,81,0,5
BRDA:702,81,1,0
BRDA:702,82,0,2
BRDA:702,82,1,0
BRDA:714,83,0,4
BRDA:714,83,1,7
BRDA:752,84,0,16
BRDA:752,84,1,13
BRDA:761,85,0,1
BRDA:761,85,1,2
BRDA:761,86,0,6
BRDA:761,86,1,6
BRDA:774,87,0,6
BRDA:774,87,1,30
BRDA:775,88,0,3
BRDA:775,88,1,27
BRDA:791,89,0,8
BRDA:791,89,1,6
BRDA:636,90,0,3
BRDA:636,90,1,72
BRDA:637,91,0,4
BRDA:637,91,1,71
BRDA:638,92,0,3
BRDA:638,92,1,72
BRDA:639,93,0,4
BRDA:639,93,1,71
BRDA:648,94,0,450
BRDA:648,94,1,117
BRDA:97,95,0,6
BRDA:97,95,1,6
BRDA:97,95,2,0
BRDA:97,95,3,0
BRDA:97,95,4,7
BRDA:97,95,5,0
BRDA:97,95,6,0
BRDA:797,96,0,1
BRDA:797,96,1,0
BRF:201
BRH:153
end_of_record
TN:
SF:src/canvas/FileNode.tsx
FN:19,FileNode
FN:29,(anonymous_1)
FN:33,(anonymous_2)
FN:47,(anonymous_3)
FN:48,(anonymous_4)
FN:57,(anonymous_5)
FN:61,(anonymous_6)
FN:66,(anonymous_7)
FN:67,(anonymous_8)
FN:74,(anonymous_9)
FN:76,(anonymous_10)
FN:78,when
FN:78,(anonymous_12)
FN:79,(anonymous_13)
FN:81,(anonymous_14)
FN:14,readProjectFile
FNF:16
FNH:16
FNDA:3,FileNode
FNDA:3,(anonymous_1)
FNDA:3,(anonymous_2)
FNDA:4,(anonymous_3)
FNDA:4,(anonymous_4)
FNDA:3,(anonymous_5)
FNDA:1,(anonymous_6)
FNDA:5,(anonymous_7)
FNDA:2,(anonymous_8)
FNDA:3,(anonymous_9)
FNDA:3,(anonymous_10)
FNDA:4,when
FNDA:1,(anonymous_12)
FNDA:1,(anonymous_13)
FNDA:6,(anonymous_14)
FNDA:4,readProjectFile
DA:5,2
DA:15,4
DA:19,2
DA:24,3
DA:25,3
DA:29,3
DA:30,3
DA:33,3
DA:34,3
DA:35,3
DA:36,3
DA:37,3
DA:43,3
DA:46,3
DA:48,4
DA:50,4
DA:51,4
DA:52,4
DA:53,0
DA:54,0
DA:56,4
DA:58,3
DA:59,3
DA:61,1
DA:65,3
DA:67,5
DA:69,2
DA:74,3
DA:76,3
DA:77,6
DA:78,4
DA:79,3
DA:81,6
DA:84,2
LF:34
LH:32
BRDA:36,0,0,0
BRDA:36,0,1,3
BRDA:43,1,0,3
BRDA:43,1,1,0
BRDA:52,2,0,0
BRDA:52,2,1,4
BRDA:61,3,0,1
BRDA:61,3,1,0
BRDA:61,4,0,0
BRDA:61,4,1,0
BRDA:69,5,0,1
BRDA:69,5,1,1
BRDA:69,6,0,2
BRDA:69,6,1,2
BRDA:81,7,0,12
BRDA:81,7,1,8
BRDA:84,8,0,2
BRDA:84,8,1,0
BRF:18
BRH:11
end_of_record
TN:
SF:src/canvas/Minimap.tsx
FN:10,Minimap
FN:19,(anonymous_1)
FN:21,(anonymous_2)
FN:26,(anonymous_3)
FN:31,(anonymous_4)
FN:32,(anonymous_5)
FN:42,(anonymous_6)
FN:52,each
FN:52,(anonymous_8)
FN:54,(anonymous_9)
FN:54,(anonymous_10)
FN:55,(anonymous_11)
FN:69,(anonymous_12)
FNF:13
FNH:12
FNDA:6,Minimap
FNDA:61,(anonymous_1)
FNDA:1,(anonymous_2)
FNDA:1,(anonymous_3)
FNDA:0,(anonymous_4)
FNDA:1,(anonymous_5)
FNDA:6,(anonymous_6)
FNDA:12,each
FNDA:36,(anonymous_8)
FNDA:36,(anonymous_9)
FNDA:72,(anonymous_10)
FNDA:72,(anonymous_11)
FNDA:12,(anonymous_12)
DA:10,1
DA:19,61
DA:21,6
DA:22,1
DA:23,1
DA:26,6
DA:27,1
DA:28,1
DA:29,1
DA:30,1
DA:31,1
DA:32,1
DA:33,1
DA:34,1
DA:35,1
DA:37,1
DA:38,1
DA:39,1
DA:42,6
DA:44,6
DA:49,12
DA:52,12
DA:54,72
DA:55,36
DA:58,36
DA:61,36
DA:62,36
DA:63,36
DA:64,36
DA:65,36
DA:69,6
DA:75,12
DA:76,12
DA:77,12
DA:78,12
DA:83,1
LF:36
LH:36
BRDA:27,0,0,0
BRDA:27,0,1,1
BRDA:44,1,0,0
BRDA:44,1,1,6
BRDA:65,2,0,252
BRDA:65,2,1,252
BRDA:78,3,0,72
BRDA:78,3,1,52
BRDA:83,4,0,1
BRDA:83,4,1,0
BRF:10
BRH:7
end_of_record
TN:
SF:src/canvas/NodeCloseBanner.tsx
FN:7,NodeCloseBanner
FN:14,(anonymous_1)
FN:26,(anonymous_2)
FN:27,(anonymous_3)
FN:29,(anonymous_4)
FN:48,(anonymous_5)
FN:55,(anonymous_6)
FNF:7
FNH:7
FNDA:3,NodeCloseBanner
FNDA:4,(anonymous_1)
FNDA:3,(anonymous_2)
FNDA:3,(anonymous_3)
FNDA:6,(anonymous_4)
FNDA:1,(anonymous_5)
FNDA:1,(anonymous_6)
DA:7,2
DA:14,3
DA:15,4
DA:16,3
DA:17,1
DA:18,1
DA:19,1
DA:20,2
DA:21,1
DA:22,1
DA:23,1
DA:26,3
DA:27,3
DA:29,3
DA:48,3
DA:55,3
DA:63,3
DA:69,2
LF:18
LH:18
BRDA:15,0,0,1
BRDA:15,0,1,3
BRDA:16,1,0,1
BRDA:16,1,1,2
BRDA:20,2,0,1
BRDA:20,2,1,1
BRDA:69,3,0,2
BRDA:69,3,1,0
BRF:8
BRH:7
end_of_record
TN:
SF:src/canvas/NodeFrame.tsx
FN:35,NodeFrame
FN:38,(anonymous_1)
FN:57,index
FN:58,focused
FN:59,cwd
FN:60,shell
FN:61,process
FN:62,prefixActive
FN:62,(anonymous_8)
FN:63,prefixReserved
FN:64,(anonymous_10)
FN:64,(anonymous_11)
FN:65,(anonymous_12)
FN:66,isAgent
FN:67,roleColor
FN:68,isStreaming
FN:69,costUsd
FN:71,when
FN:71,children
FN:73,(anonymous_19)
FN:74,onFork
FN:75,onSplitRight
FN:76,onSplitBelow
FN:77,onRequestClose
FN:80,when_2
FN:80,children_2
FN:82,process_2
FN:83,active
FN:84,onConfirm
FN:85,onKeepOpen
FN:88,when_3
FN:88,children_3
FN:89,lineCount
FN:89,(anonymous_33)
FN:92,(anonymous_34)
FN:93,(anonymous_35)
FN:93,(anonymous_36)
FN:102,(anonymous_37)
FNF:38
FNH:25
FNDA:53,NodeFrame
FNDA:60,(anonymous_1)
FNDA:143,index
FNDA:617,focused
FNDA:142,cwd
FNDA:142,shell
FNDA:142,process
FNDA:0,prefixActive
FNDA:0,(anonymous_8)
FNDA:53,prefixReserved
FNDA:0,(anonymous_10)
FNDA:0,(anonymous_11)
FNDA:6,(anonymous_12)
FNDA:566,isAgent
FNDA:3,roleColor
FNDA:4,isStreaming
FNDA:2,costUsd
FNDA:53,when
FNDA:0,children
FNDA:0,(anonymous_19)
FNDA:0,onFork
FNDA:0,onSplitRight
FNDA:0,onSplitBelow
FNDA:0,onRequestClose
FNDA:55,when_2
FNDA:1,children_2
FNDA:1,process_2
FNDA:0,active
FNDA:0,onConfirm
FNDA:0,onKeepOpen
FNDA:55,when_3
FNDA:1,children_3
FNDA:1,lineCount
FNDA:53,(anonymous_33)
FNDA:424,(anonymous_34)
FNDA:424,(anonymous_35)
FNDA:1,(anonymous_36)
FNDA:124,(anonymous_37)
DA:35,1
DA:36,53
DA:38,53
DA:40,124
DA:41,124
DA:42,124
DA:43,124
DA:49,124
DA:50,124
DA:51,124
DA:52,124
DA:54,53
DA:57,143
DA:58,617
DA:59,142
DA:60,142
DA:61,142
DA:62,0
DA:63,53
DA:64,0
DA:65,6
DA:66,566
DA:67,3
DA:68,4
DA:69,53
DA:71,53
DA:73,0
DA:74,0
DA:75,0
DA:76,0
DA:77,53
DA:80,55
DA:82,1
DA:83,0
DA:84,0
DA:85,53
DA:88,55
DA:89,53
DA:91,53
DA:93,424
DA:95,424
DA:96,424
DA:98,1
DA:99,1
DA:100,424
DA:102,53
DA:106,1
LF:47
LH:39
BRDA:62,0,0,0
BRDA:62,0,1,0
BRDA:41,1,0,13
BRDA:41,1,1,111
BRDA:42,2,0,10
BRDA:42,2,1,114
BRDA:52,3,0,868
BRDA:52,3,1,307
BRDA:106,4,0,1
BRDA:106,4,1,0
BRF:10
BRH:7
end_of_record
TN:
SF:src/canvas/NodeMenu.tsx
FN:7,NodeMenu
FN:16,(anonymous_1)
FN:22,(anonymous_2)
FN:23,(anonymous_3)
FN:24,(anonymous_4)
FN:25,(anonymous_5)
FN:28,(anonymous_6)
FN:31,(anonymous_7)
FN:34,(anonymous_8)
FN:38,(anonymous_9)
FN:43,(anonymous_10)
FN:59,(anonymous_11)
FN:60,(anonymous_12)
FN:78,(anonymous_13)
FN:80,(anonymous_14)
FN:83,(anonymous_15)
FN:86,when
FN:86,children
FNF:18
FNH:18
FNDA:2,NodeMenu
FNDA:4,(anonymous_1)
FNDA:1,(anonymous_2)
FNDA:1,(anonymous_3)
FNDA:1,(anonymous_4)
FNDA:1,(anonymous_5)
FNDA:1,(anonymous_6)
FNDA:6,(anonymous_7)
FNDA:2,(anonymous_8)
FNDA:2,(anonymous_9)
FNDA:2,(anonymous_10)
FNDA:8,(anonymous_11)
FNDA:8,(anonymous_12)
FNDA:8,(anonymous_13)
FNDA:8,(anonymous_14)
FNDA:8,(anonymous_15)
FNDA:8,when
FNDA:2,children
DA:7,2
DA:16,2
DA:17,4
DA:18,4
DA:21,2
DA:22,1
DA:23,1
DA:24,1
DA:25,1
DA:28,2
DA:29,1
DA:31,2
DA:32,6
DA:34,2
DA:35,2
DA:36,2
DA:38,2
DA:39,2
DA:40,2
DA:43,2
DA:45,2
DA:60,8
DA:65,8
DA:78,8
DA:80,8
DA:83,8
DA:86,8
DA:90,2
DA:94,2
LF:29
LH:29
BRDA:29,0,0,1
BRDA:29,0,1,0
BRDA:32,1,0,1
BRDA:32,1,1,5
BRDA:32,2,0,6
BRDA:32,2,1,6
BRDA:45,3,0,0
BRDA:45,3,1,2
BRDA:94,4,0,2
BRDA:94,4,1,0
BRF:10
BRH:7
end_of_record
TN:
SF:src/canvas/NoteNode.tsx
FN:7,NoteNode
FN:16,(anonymous_1)
FN:23,(anonymous_2)
FN:27,(anonymous_3)
FN:36,(anonymous_4)
FN:43,(anonymous_5)
FN:47,(anonymous_6)
FN:52,(anonymous_7)
FN:55,when
FN:56,fallback
FN:56,(anonymous_10)
FN:56,children
FNF:12
FNH:12
FNDA:3,NoteNode
FNDA:7,(anonymous_1)
FNDA:3,(anonymous_2)
FNDA:2,(anonymous_3)
FNDA:6,(anonymous_4)
FNDA:5,(anonymous_5)
FNDA:3,(anonymous_6)
FNDA:3,(anonymous_7)
FNDA:6,when
FNDA:3,fallback
FNDA:6,(anonymous_10)
FNDA:3,children
DA:5,2
DA:7,2
DA:14,3
DA:16,3
DA:17,7
DA:18,7
DA:19,7
DA:20,7
DA:23,3
DA:24,3
DA:28,2
DA:29,2
DA:30,2
DA:33,3
DA:36,3
DA:37,6
DA:38,3
DA:39,3
DA:40,3
DA:43,3
DA:44,5
DA:45,5
DA:47,3
DA:48,3
DA:49,3
DA:52,3
DA:55,6
DA:56,3
DA:58,3
DA:62,2
LF:30
LH:30
BRDA:17,0,0,2
BRDA:17,0,1,5
BRDA:19,1,0,2
BRDA:19,1,1,5
BRDA:19,2,0,7
BRDA:19,2,1,2
BRDA:29,3,0,0
BRDA:29,3,1,2
BRDA:37,4,0,3
BRDA:37,4,1,3
BRDA:45,5,0,3
BRDA:45,5,1,2
BRDA:45,6,0,5
BRDA:45,6,1,4
BRDA:56,7,0,2
BRDA:56,7,1,1
BRDA:62,8,0,2
BRDA:62,8,1,0
BRF:18
BRH:16
end_of_record
TN:
SF:src/canvas/TerminalChip.tsx
FN:14,TerminalChip
FN:25,(anonymous_1)
FN:33,(anonymous_2)
FN:37,(anonymous_3)
FN:41,(anonymous_4)
FN:48,each
FN:48,(anonymous_6)
FN:48,(anonymous_7)
FN:50,when
FN:50,(anonymous_9)
FN:51,(anonymous_10)
FN:53,budget
FN:53,(anonymous_12)
FN:55,(anonymous_13)
FNF:14
FNH:10
FNDA:7,TerminalChip
FNDA:7,(anonymous_1)
FNDA:7,(anonymous_2)
FNDA:7,(anonymous_3)
FNDA:14,(anonymous_4)
FNDA:9,each
FNDA:6,(anonymous_6)
FNDA:6,(anonymous_7)
FNDA:7,when
FNDA:0,(anonymous_9)
FNDA:0,(anonymous_10)
FNDA:0,budget
FNDA:0,(anonymous_12)
FNDA:9,(anonymous_13)
DA:8,1
DA:14,1
DA:22,7
DA:23,7
DA:25,7
DA:26,7
DA:27,7
DA:28,2
DA:29,2
DA:33,7
DA:34,7
DA:35,7
DA:37,7
DA:38,7
DA:41,7
DA:42,9
DA:44,9
DA:45,7
DA:48,9
DA:50,7
DA:51,0
DA:53,0
DA:55,7
DA:59,1
LF:24
LH:22
BRDA:27,0,0,5
BRDA:27,0,1,2
BRDA:38,1,0,7
BRDA:38,1,1,0
BRDA:42,2,0,2
BRDA:42,2,1,7
BRDA:44,3,0,27
BRDA:44,3,1,23
BRDA:59,4,0,1
BRDA:59,4,1,0
BRF:10
BRH:8
end_of_record
TN:
SF:src/canvas/arrange.ts
FN:18,nextPreset
FN:24,isLayoutPreset
FN:29,maxCols
FN:32,maxRows
FN:40,slots
FN:57,squareRects
FN:64,gridRects
FN:68,swarmRects
FN:73,fanoutRects
FN:84,pipelineRects
FN:92,watchersRects
FN:101,arrangeRects
FN:122,applyArrangement
FN:128,(anonymous_13)
FNF:14
FNH:14
FNDA:2,nextPreset
FNDA:18,isLayoutPreset
FNDA:51,maxCols
FNDA:10,maxRows
FNDA:61,slots
FNDA:29,squareRects
FNDA:17,gridRects
FNDA:12,swarmRects
FNDA:14,fanoutRects
FNDA:13,pipelineRects
FNDA:12,watchersRects
FNDA:61,arrangeRects
FNDA:5,applyArrangement
FNDA:8,(anonymous_13)
DA:8,9
DA:15,9
DA:19,2
DA:20,1
DA:21,1
DA:25,18
DA:30,51
DA:33,10
DA:41,61
DA:42,61
DA:43,61
DA:44,61
DA:45,135
DA:46,322
DA:54,61
DA:58,29
DA:59,29
DA:60,29
DA:61,29
DA:65,17
DA:69,12
DA:74,14
DA:75,10
DA:76,10
DA:77,10
DA:78,10
DA:79,10
DA:80,10
DA:85,13
DA:86,13
DA:87,13
DA:88,13
DA:93,12
DA:94,9
DA:95,9
DA:96,9
DA:97,9
DA:98,9
DA:106,61
DA:108,14
DA:110,13
DA:112,12
DA:114,12
DA:117,10
DA:127,5
DA:128,5
DA:129,8
DA:130,8
DA:131,8
DA:132,8
DA:133,8
LF:51
LH:51
BRDA:19,0,0,1
BRDA:19,0,1,1
BRDA:40,1,0,61
BRDA:58,2,0,0
BRDA:58,2,1,29
BRDA:74,3,0,4
BRDA:74,3,1,10
BRDA:85,4,0,0
BRDA:85,4,1,13
BRDA:93,5,0,3
BRDA:93,5,1,9
BRDA:106,6,0,14
BRDA:106,6,1,13
BRDA:106,6,2,12
BRDA:106,6,3,12
BRDA:106,6,4,10
BRDA:106,6,5,10
BRF:17
BRH:15
end_of_record
TN:
SF:src/canvas/camera.ts
FN:6,prefersReducedMotion
FN:11,easeOut
FN:15,lerpView
FN:27,animateView
FN:33,(anonymous_4)
FN:34,(anonymous_5)
FN:39,(anonymous_6)
FN:43,(anonymous_7)
FN:55,(anonymous_8)
FNF:9
FNH:8
FNDA:10,prefersReducedMotion
FNDA:14,easeOut
FNDA:15,lerpView
FNDA:4,animateView
FNDA:13,(anonymous_4)
FNDA:14,(anonymous_5)
FNDA:0,(anonymous_6)
FNDA:17,(anonymous_7)
FNDA:1,(anonymous_8)
DA:3,2
DA:7,10
DA:8,2
DA:12,14
DA:16,15
DA:33,13
DA:34,14
DA:36,4
DA:37,1
DA:38,1
DA:39,1
DA:41,3
DA:42,3
DA:43,3
DA:44,17
DA:45,16
DA:46,16
DA:47,2
DA:48,2
DA:49,2
DA:51,14
DA:52,14
DA:54,3
DA:55,3
DA:56,1
LF:25
LH:25
BRDA:7,0,0,8
BRDA:7,0,1,2
BRDA:7,1,0,10
BRDA:7,1,1,10
BRDA:8,2,0,2
BRDA:8,2,1,0
BRDA:32,3,0,4
BRDA:33,4,0,13
BRDA:34,5,0,14
BRDA:36,6,0,1
BRDA:36,6,1,3
BRDA:44,7,0,1
BRDA:44,7,1,16
BRDA:46,8,0,2
BRDA:46,8,1,14
BRF:15
BRH:14
end_of_record
TN:
SF:src/canvas/editor.ts
FN:17,languageExtension
FN:59,createEditor
FN:75,(anonymous_2)
FN:82,(anonymous_3)
FN:83,(anonymous_4)
FN:87,(anonymous_5)
FN:92,(anonymous_6)
FN:93,(anonymous_7)
FNF:8
FNH:8
FNDA:20,languageExtension
FNDA:11,createEditor
FNDA:1,(anonymous_2)
FNDA:3,(anonymous_3)
FNDA:2,(anonymous_4)
FNDA:2,(anonymous_5)
FNDA:1,(anonymous_6)
FNDA:11,(anonymous_7)
DA:18,20
DA:20,3
DA:22,2
DA:24,2
DA:26,2
DA:28,2
DA:30,2
DA:32,2
DA:34,2
DA:36,3
DA:40,1
DA:69,11
DA:70,11
DA:71,11
DA:72,11
DA:73,1
DA:74,1
DA:76,1
DA:80,11
DA:81,11
DA:82,3
DA:84,2
DA:85,1
DA:88,2
DA:89,2
DA:90,2
DA:92,1
DA:93,11
LF:28
LH:28
BRDA:18,0,0,3
BRDA:18,0,1,2
BRDA:18,0,2,2
BRDA:18,0,3,2
BRDA:18,0,4,2
BRDA:18,0,5,2
BRDA:18,0,6,2
BRDA:18,0,7,2
BRDA:18,0,8,3
BRDA:70,1,0,1
BRDA:70,1,1,10
BRDA:71,2,0,1
BRDA:71,2,1,10
BRDA:72,3,0,1
BRDA:72,3,1,10
BRDA:76,4,0,1
BRDA:76,4,1,0
BRDA:84,5,0,1
BRDA:84,5,1,1
BRF:19
BRH:18
end_of_record
TN:
SF:src/canvas/editorLanguages.ts
FN:33,languageForPath
FNF:1
FNH:1
FNDA:12,languageForPath
DA:12,3
DA:34,12
DA:35,12
DA:36,12
DA:37,10
LF:5
LH:5
BRDA:34,0,0,12
BRDA:34,0,1,0
BRDA:36,1,0,2
BRDA:36,1,1,10
BRDA:37,2,0,10
BRDA:37,2,1,0
BRF:6
BRH:4
end_of_record
TN:
SF:src/canvas/geometry.ts
FN:6,clampZoom
FN:10,screenToWorld
FN:18,worldToScreen
FN:27,zoomAt
FN:42,boundsOf
FN:58,fitToBounds
FN:76,centerOn
FN:85,hitTest
FN:101,intersects
FN:105,rectFromPoints
FN:117,nodesIntersecting
FN:118,(anonymous_11)
FN:125,panToReveal
FNF:13
FNH:13
FNDA:41,clampZoom
FNDA:81,screenToWorld
FNDA:4,worldToScreen
FNDA:2,zoomAt
FNDA:68,boundsOf
FNDA:3,fitToBounds
FNDA:3,centerOn
FNDA:3,hitTest
FNDA:2,intersects
FNDA:1,rectFromPoints
FNDA:1,nodesIntersecting
FNDA:2,(anonymous_11)
FNDA:7,panToReveal
DA:7,41
DA:15,81
DA:23,4
DA:33,2
DA:34,2
DA:35,2
DA:43,68
DA:44,67
DA:45,67
DA:46,67
DA:47,67
DA:48,67
DA:49,194
DA:50,194
DA:51,194
DA:52,194
DA:54,67
DA:63,3
DA:64,3
DA:65,3
DA:68,3
DA:77,3
DA:91,3
DA:93,3
DA:94,6
DA:95,3
DA:98,3
DA:102,2
DA:109,1
DA:118,2
DA:131,7
DA:132,7
DA:133,7
DA:134,7
DA:135,7
DA:136,7
DA:137,7
DA:138,7
DA:139,6
DA:140,6
DA:141,7
DA:142,7
DA:143,3
DA:144,7
DA:145,5
LF:45
LH:45
BRDA:43,0,0,1
BRDA:43,0,1,67
BRDA:61,1,0,3
BRDA:94,2,0,3
BRDA:94,2,1,3
BRDA:94,3,0,6
BRDA:94,3,1,5
BRDA:94,3,2,3
BRDA:94,3,3,3
BRDA:95,4,0,3
BRDA:95,4,1,0
BRDA:95,5,0,3
BRDA:95,5,1,1
BRDA:102,6,0,2
BRDA:102,6,1,2
BRDA:102,6,2,2
BRDA:102,6,3,2
BRDA:129,7,0,7
BRDA:138,8,0,1
BRDA:138,8,1,6
BRDA:139,9,0,0
BRDA:139,9,1,6
BRDA:140,10,0,3
BRDA:140,10,1,3
BRDA:141,11,0,0
BRDA:141,11,1,7
BRDA:142,12,0,4
BRDA:142,12,1,3
BRDA:143,13,0,0
BRDA:143,13,1,3
BRDA:144,14,0,2
BRDA:144,14,1,5
BRDA:144,15,0,7
BRDA:144,15,1,3
BRF:34
BRH:30
end_of_record
TN:
SF:src/canvas/lod.ts
FN:9,lastLines
FN:19,isTypingKey
FNF:2
FNH:2
FNDA:5,lastLines
FNDA:6,isTypingKey
DA:1,2
DA:2,2
DA:10,5
DA:11,5
DA:12,13
DA:13,13
DA:15,5
DA:20,6
DA:21,5
LF:9
LH:9
BRDA:9,0,0,5
BRDA:11,1,0,5
BRDA:11,1,1,14
BRDA:12,2,0,13
BRDA:12,2,1,0
BRDA:13,3,0,10
BRDA:13,3,1,3
BRDA:20,4,0,1
BRDA:20,4,1,5
BRDA:20,5,0,6
BRDA:20,5,1,5
BRDA:20,5,2,5
BRDA:21,6,0,5
BRDA:21,6,1,3
BRF:14
BRH:13
end_of_record
TN:
SF:src/canvas/markdown.ts
FN:1,escapeHtml
FN:5,inline
FN:15,renderMarkdown
FN:21,(anonymous_3)
FN:25,(anonymous_4)
FNF:5
FNH:5
FNDA:12,escapeHtml
FNDA:11,inline
FNDA:5,renderMarkdown
FNDA:19,(anonymous_3)
FNDA:20,(anonymous_4)
DA:2,12
DA:6,11
DA:7,11
DA:8,11
DA:9,11
DA:10,11
DA:11,11
DA:12,11
DA:16,5
DA:17,5
DA:18,5
DA:19,5
DA:20,5
DA:21,5
DA:22,19
DA:23,19
DA:25,5
DA:26,20
DA:27,20
DA:29,5
DA:30,17
DA:31,17
DA:32,1
DA:33,1
DA:34,1
DA:35,1
DA:36,1
DA:37,1
DA:38,1
DA:40,1
DA:41,1
DA:42,1
DA:44,16
DA:45,16
DA:46,3
DA:47,3
DA:48,3
DA:49,3
DA:50,3
DA:52,13
DA:53,13
DA:54,13
DA:55,5
DA:56,5
DA:57,5
DA:58,3
DA:59,3
DA:60,3
DA:62,5
DA:63,5
DA:64,5
DA:66,8
DA:67,5
DA:68,5
DA:69,5
DA:70,5
DA:72,3
DA:73,3
DA:74,3
DA:76,5
DA:77,5
DA:78,5
LF:62
LH:62
BRDA:22,0,0,3
BRDA:22,0,1,16
BRDA:26,1,0,3
BRDA:26,1,1,17
BRDA:31,2,0,1
BRDA:31,2,1,16
BRDA:36,3,0,1
BRDA:36,3,1,2
BRDA:45,4,0,3
BRDA:45,4,1,13
BRDA:54,5,0,5
BRDA:54,5,1,8
BRDA:54,6,0,13
BRDA:54,6,1,10
BRDA:56,7,0,3
BRDA:56,7,1,2
BRDA:57,8,0,3
BRDA:57,8,1,2
BRDA:62,9,0,5
BRDA:62,9,1,2
BRDA:66,10,0,5
BRDA:66,10,1,3
BRF:22
BRH:22
end_of_record
TN:
SF:src/canvas/migrate.ts
FN:37,treeToNodes
FN:39,(anonymous_1)
FN:70,gridToCanvas
FN:72,(anonymous_3)
FNF:4
FNH:4
FNDA:11,treeToNodes
FNDA:27,(anonymous_1)
FNDA:10,gridToCanvas
FNDA:15,(anonymous_3)
DA:35,6
DA:38,11
DA:39,11
DA:40,27
DA:41,19
DA:53,19
DA:55,8
DA:56,5
DA:57,5
DA:58,5
DA:60,3
DA:61,3
DA:62,3
DA:65,11
DA:66,11
DA:67,11
DA:71,10
DA:72,15
DA:75,10
LF:19
LH:19
BRDA:37,0,0,11
BRDA:40,1,0,19
BRDA:40,1,1,8
BRDA:55,2,0,5
BRDA:55,2,1,3
BRDA:70,3,0,10
BRDA:72,4,0,9
BRDA:72,4,1,1
BRF:8
BRH:8
end_of_record
TN:
SF:src/canvas/minimapLayout.ts
FN:17,viewportWorldRect
FN:22,union
FN:29,minimapLayout
FN:42,(anonymous_3)
FN:51,(anonymous_4)
FN:57,viewCenteredOnMinimapPoint
FNF:6
FNH:6
FNDA:64,viewportWorldRect
FNDA:63,union
FNDA:63,minimapLayout
FNDA:249,(anonymous_3)
FNDA:186,(anonymous_4)
FNDA:2,viewCenteredOnMinimapPoint
DA:5,2
DA:6,2
DA:7,2
DA:18,64
DA:19,64
DA:23,63
DA:24,63
DA:25,63
DA:35,63
DA:36,63
DA:37,63
DA:38,63
DA:42,249
DA:48,63
DA:51,186
DA:64,2
DA:65,2
DA:66,2
LF:18
LH:18
BRDA:33,0,0,63
BRDA:36,1,0,63
BRDA:36,1,1,0
BRF:3
BRH:2
end_of_record
TN:
SF:src/canvas/model.ts
FN:56,makeNode
FN:84,defaultSizeFor
FN:90,defaultView
FN:94,createCanvasState
FN:106,recomputeIndices
FN:107,(anonymous_5)
FN:116,(anonymous_6)
FN:119,(anonymous_7)
FN:125,orderedNodes
FN:126,(anonymous_9)
FN:129,findNode
FN:133,(anonymous_11)
FN:136,maxZ
FN:137,(anonymous_13)
FNF:14
FNH:14
FNDA:130,makeNode
FNDA:2,defaultSizeFor
FNDA:61,defaultView
FNDA:51,createCanvasState
FNDA:102,recomputeIndices
FNDA:88,(anonymous_5)
FNDA:74,(anonymous_6)
FNDA:188,(anonymous_7)
FNDA:36,orderedNodes
FNDA:39,(anonymous_9)
FNDA:81,findNode
FNDA:118,(anonymous_11)
FNDA:35,maxZ
FNDA:61,(anonymous_13)
DA:34,13
DA:35,13
DA:36,13
DA:38,13
DA:39,13
DA:40,13
DA:41,13
DA:42,13
DA:43,13
DA:44,13
DA:46,13
DA:47,13
DA:48,13
DA:49,13
DA:51,13
DA:52,13
DA:54,13
DA:67,130
DA:79,130
DA:80,130
DA:81,130
DA:85,2
DA:86,1
DA:87,0
DA:91,61
DA:98,51
DA:99,51
DA:107,102
DA:108,102
DA:109,102
DA:110,188
DA:111,188
DA:112,116
DA:114,102
DA:115,102
DA:116,116
DA:117,116
DA:119,102
DA:120,188
DA:122,102
DA:126,39
DA:133,118
DA:137,61
LF:43
LH:42
BRDA:69,0,0,130
BRDA:69,0,1,123
BRDA:70,1,0,130
BRDA:70,1,1,53
BRDA:71,2,0,130
BRDA:71,2,1,53
BRDA:72,3,0,130
BRDA:72,3,1,53
BRDA:73,4,0,130
BRDA:73,4,1,53
BRDA:76,5,0,130
BRDA:76,5,1,13
BRDA:77,6,0,130
BRDA:77,6,1,42
BRDA:79,7,0,2
BRDA:79,7,1,128
BRDA:80,8,0,1
BRDA:80,8,1,129
BRDA:80,9,0,1
BRDA:80,9,1,0
BRDA:85,10,0,1
BRDA:85,10,1,1
BRDA:86,11,0,1
BRDA:86,11,1,0
BRDA:107,12,0,88
BRDA:107,12,1,69
BRDA:111,13,0,72
BRDA:111,13,1,116
BRDA:111,14,0,188
BRDA:111,14,1,86
BRF:30
BRH:28
end_of_record
TN:
SF:src/canvas/session.ts
FN:24,cloneNode
FN:43,cloneCanvas
FN:51,sessionGrid
FN:57,activeLayoutOf
FN:61,resolveFocus
FN:62,(anonymous_5)
FN:66,buildSessionFile
FN:73,(anonymous_7)
FN:87,applySessionFile
FN:94,(anonymous_9)
FN:104,layoutCanvas
FN:109,(anonymous_11)
FN:116,layoutToSession
FN:125,(anonymous_13)
FN:130,serializeLayout
FN:149,applyLayoutToCanvas
FN:172,(anonymous_16)
FN:174,(anonymous_17)
FNF:18
FNH:18
FNDA:244,cloneNode
FNDA:136,cloneCanvas
FNDA:7,sessionGrid
FNDA:18,activeLayoutOf
FNDA:12,resolveFocus
FNDA:18,(anonymous_5)
FNDA:4,buildSessionFile
FNDA:8,(anonymous_7)
FNDA:12,applySessionFile
FNDA:21,(anonymous_9)
FNDA:9,layoutCanvas
FNDA:15,(anonymous_11)
FNDA:3,layoutToSession
FNDA:5,(anonymous_13)
FNDA:6,serializeLayout
FNDA:6,applyLayoutToCanvas
FNDA:12,(anonymous_16)
FNDA:5,(anonymous_17)
DA:16,5
DA:25,244
DA:37,244
DA:38,244
DA:39,244
DA:44,136
DA:52,7
DA:53,1
DA:54,0
DA:58,18
DA:62,18
DA:63,1
DA:72,4
DA:73,4
DA:74,8
DA:75,8
DA:77,4
DA:89,12
DA:92,12
DA:93,12
DA:94,21
DA:95,12
DA:96,12
DA:97,16
DA:98,4
DA:101,12
DA:105,9
DA:106,8
DA:107,8
DA:108,8
DA:109,15
DA:110,8
DA:112,1
DA:113,1
DA:120,3
DA:121,3
DA:125,5
DA:134,6
DA:135,6
DA:153,6
DA:154,6
DA:155,6
DA:156,6
DA:157,6
DA:158,6
DA:159,13
DA:160,13
DA:161,13
DA:162,7
DA:163,6
DA:164,4
DA:165,2
DA:166,2
DA:169,6
DA:170,6
DA:172,12
DA:174,5
DA:177,6
LF:58
LH:57
BRDA:37,0,0,8
BRDA:37,0,1,236
BRDA:38,1,0,9
BRDA:38,1,1,235
BRDA:38,2,0,9
BRDA:38,2,1,0
BRDA:52,3,0,6
BRDA:52,3,1,1
BRDA:53,4,0,1
BRDA:53,4,1,0
BRDA:58,5,0,4
BRDA:58,5,1,14
BRDA:62,6,0,11
BRDA:62,6,1,1
BRDA:74,7,0,8
BRDA:74,7,1,6
BRDA:75,8,0,2
BRDA:75,8,1,6
BRDA:79,9,0,3
BRDA:79,9,1,1
BRDA:89,10,0,5
BRDA:89,10,1,7
BRDA:89,11,0,12
BRDA:89,11,1,6
BRDA:97,12,0,4
BRDA:97,12,1,12
BRDA:97,13,0,16
BRDA:97,13,1,5
BRDA:105,14,0,8
BRDA:105,14,1,1
BRDA:105,15,0,9
BRDA:105,15,1,8
BRDA:108,16,0,8
BRDA:108,16,1,1
BRDA:109,17,0,8
BRDA:109,17,1,0
BRDA:109,18,0,8
BRDA:109,18,1,8
BRDA:110,19,0,8
BRDA:110,19,1,0
BRDA:112,20,0,0
BRDA:112,20,1,1
BRDA:137,21,0,4
BRDA:137,21,1,2
BRDA:161,22,0,7
BRDA:161,22,1,6
BRDA:161,23,0,13
BRDA:161,23,1,11
BRDA:163,24,0,4
BRDA:163,24,1,2
BRDA:165,25,0,2
BRDA:165,25,1,0
BRDA:172,26,0,1
BRDA:172,26,1,5
BRDA:174,27,0,5
BRDA:174,27,1,0
BRDA:178,28,0,6
BRDA:178,28,1,0
BRF:58
BRH:50
end_of_record
TN:
SF:src/canvas/snap.ts
FN:9,edges
FN:13,bestOnAxis
FN:37,snapRect
FNF:3
FNH:3
FNDA:30,edges
FNDA:16,bestOnAxis
FNDA:8,snapRect
DA:3,2
DA:10,30
DA:19,16
DA:20,16
DA:21,16
DA:22,14
DA:23,42
DA:24,126
DA:25,126
DA:26,13
DA:30,16
DA:42,8
DA:43,8
DA:44,8
DA:45,8
DA:46,8
DA:47,8
LF:17
LH:17
BRDA:10,0,0,15
BRDA:10,0,1,15
BRDA:25,1,0,113
BRDA:25,1,1,13
BRDA:26,2,0,8
BRDA:26,2,1,5
BRDA:26,3,0,13
BRDA:26,3,1,6
BRDA:40,4,0,8
BRDA:45,5,0,4
BRDA:45,5,1,4
BRDA:46,6,0,3
BRDA:46,6,1,5
BRDA:48,7,0,8
BRDA:48,7,1,4
BRDA:49,8,0,8
BRDA:49,8,1,5
BRF:17
BRH:17
end_of_record
TN:
SF:src/canvas/store.ts
FN:23,clampSize
FN:31,resizeFromHandle
FN:47,finish
FN:52,focusNode
FN:64,addNode
FN:80,placeAdjacent
FN:98,removeNode
FN:103,(anonymous_7)
FN:120,moveNode
FN:134,resizeNode
FN:149,setRect
FN:165,resizeFocusedByStep
FN:177,focusByIndex
FN:182,(anonymous_13)
FN:186,cycleFocus
FN:193,(anonymous_15)
FN:201,focusByDirection
FN:236,setView
FN:240,contentBounds
FNF:19
FNH:18
FNDA:14,clampSize
FNDA:9,resizeFromHandle
FNDA:30,finish
FNDA:15,focusNode
FNDA:20,addNode
FNDA:16,placeAdjacent
FNDA:4,removeNode
FNDA:5,(anonymous_7)
FNDA:1,moveNode
FNDA:5,resizeNode
FNDA:1,setRect
FNDA:4,resizeFocusedByStep
FNDA:5,focusByIndex
FNDA:7,(anonymous_13)
FNDA:2,cycleFocus
FNDA:5,(anonymous_15)
FNDA:5,focusByDirection
FNDA:34,setView
FNDA:0,contentBounds
DA:20,2
DA:21,2
DA:24,14
DA:32,9
DA:33,9
DA:34,9
DA:35,9
DA:36,4
DA:37,4
DA:39,9
DA:40,4
DA:41,4
DA:43,9
DA:44,9
DA:48,30
DA:49,30
DA:57,15
DA:58,15
DA:59,15
DA:60,15
DA:61,15
DA:69,20
DA:70,20
DA:71,20
DA:72,20
DA:73,20
DA:86,16
DA:87,16
DA:95,16
DA:103,5
DA:104,4
DA:105,3
DA:106,3
DA:107,3
DA:108,2
DA:109,2
DA:110,2
DA:111,1
DA:112,1
DA:113,1
DA:114,1
DA:116,3
DA:117,3
DA:127,1
DA:128,1
DA:129,1
DA:130,1
DA:131,1
DA:141,5
DA:142,5
DA:143,5
DA:144,5
DA:145,5
DA:146,5
DA:155,1
DA:156,1
DA:157,1
DA:158,1
DA:159,1
DA:160,1
DA:161,1
DA:170,4
DA:171,4
DA:172,4
DA:173,4
DA:174,4
DA:182,7
DA:183,5
DA:191,2
DA:192,2
DA:193,5
DA:194,2
DA:195,2
DA:196,2
DA:197,2
DA:206,5
DA:207,5
DA:208,5
DA:209,5
DA:210,5
DA:211,5
DA:212,5
DA:213,5
DA:214,5
DA:215,14
DA:217,9
DA:218,6
DA:219,4
DA:220,0
DA:221,9
DA:222,5
DA:223,14
DA:224,14
DA:225,14
DA:226,14
DA:227,14
DA:228,4
DA:229,4
DA:230,4
DA:233,5
DA:237,34
DA:241,0
LF:102
LH:100
BRDA:33,0,0,2
BRDA:33,0,1,7
BRDA:34,1,0,2
BRDA:34,1,1,7
BRDA:35,2,0,4
BRDA:35,2,1,5
BRDA:39,3,0,4
BRDA:39,3,1,5
BRDA:58,4,0,0
BRDA:58,4,1,15
BRDA:88,5,0,16
BRDA:88,5,1,2
BRDA:89,6,0,16
BRDA:89,6,1,16
BRDA:92,7,0,16
BRDA:92,7,1,0
BRDA:92,8,0,12
BRDA:92,8,1,4
BRDA:93,9,0,16
BRDA:93,9,1,0
BRDA:93,10,0,4
BRDA:93,10,1,12
BRDA:104,11,0,1
BRDA:104,11,1,3
BRDA:107,12,0,2
BRDA:107,12,1,1
BRDA:111,13,0,1
BRDA:111,13,1,0
BRDA:128,14,0,0
BRDA:128,14,1,1
BRDA:142,15,0,0
BRDA:142,15,1,5
BRDA:156,16,0,0
BRDA:156,16,1,1
BRDA:171,17,0,0
BRDA:171,17,1,4
BRDA:172,18,0,2
BRDA:172,18,1,2
BRDA:172,19,0,0
BRDA:172,19,1,2
BRDA:173,20,0,1
BRDA:173,20,1,3
BRDA:173,21,0,1
BRDA:173,21,1,2
BRDA:183,22,0,5
BRDA:183,22,1,0
BRDA:192,23,0,0
BRDA:192,23,1,2
BRDA:194,24,0,0
BRDA:194,24,1,2
BRDA:196,25,0,2
BRDA:196,25,1,0
BRDA:207,26,0,0
BRDA:207,26,1,5
BRDA:208,27,0,5
BRDA:208,27,1,4
BRDA:209,28,0,3
BRDA:209,28,1,2
BRDA:215,29,0,5
BRDA:215,29,1,9
BRDA:217,30,0,3
BRDA:217,30,1,6
BRDA:218,31,0,2
BRDA:218,31,1,4
BRDA:219,32,0,4
BRDA:219,32,1,0
BRDA:221,33,0,4
BRDA:221,33,1,5
BRDA:222,34,0,4
BRDA:222,34,1,1
BRDA:223,35,0,4
BRDA:223,35,1,1
BRDA:227,36,0,4
BRDA:227,36,1,10
BRDA:227,37,0,14
BRDA:227,37,1,1
BRDA:227,37,2,1
BRDA:233,38,0,4
BRDA:233,38,1,1
BRF:79
BRH:64
end_of_record
TN:
SF:src/canvas/sync.ts
FN:4,serialize
FN:8,syncCanvasToRust
FN:15,subscribeStructuralChange
FN:19,(anonymous_3)
FN:25,notifyStructuralChange
FN:30,markCanvasChange
FN:31,(anonymous_6)
FN:38,markCanvasDragMove
FN:43,markCanvasDragSettled
FN:48,isCanvasDragInFlight
FN:53,resetCanvasDrag
FNF:11
FNH:10
FNDA:69,serialize
FNDA:69,syncCanvasToRust
FNDA:4,subscribeStructuralChange
FNDA:4,(anonymous_3)
FNDA:69,notifyStructuralChange
FNDA:69,markCanvasChange
FNDA:0,(anonymous_6)
FNDA:7,markCanvasDragMove
FNDA:7,markCanvasDragSettled
FNDA:4,isCanvasDragInFlight
FNDA:27,resetCanvasDrag
DA:5,69
DA:9,69
DA:13,3
DA:18,4
DA:19,4
DA:20,4
DA:21,4
DA:26,69
DA:31,69
DA:32,69
DA:35,3
DA:39,7
DA:44,7
DA:45,7
DA:49,4
DA:54,27
LF:16
LH:16
BRDA:21,0,0,4
BRDA:21,0,1,0
BRF:2
BRH:1
end_of_record
TN:
SF:src/command-palette/CommandPalette.tsx
FN:31,CommandPalette
FN:48,(anonymous_1)
FN:51,(anonymous_2)
FN:64,(anonymous_3)
FN:74,(anonymous_4)
FN:79,(anonymous_5)
FN:86,(anonymous_6)
FN:89,(anonymous_7)
FN:97,(anonymous_8)
FN:103,(anonymous_9)
FN:108,(anonymous_10)
FN:115,(anonymous_11)
FN:131,(anonymous_12)
FN:136,(anonymous_13)
FN:141,(anonymous_14)
FN:146,(anonymous_15)
FN:160,(anonymous_16)
FN:211,(anonymous_17)
FN:191,(anonymous_18)
FN:216,when
FN:217,fallback
FN:217,(anonymous_21)
FN:230,children
FN:239,each
FN:239,(anonymous_24)
FN:242,when_2
FN:242,children_2
FN:253,(anonymous_27)
FN:289,(anonymous_28)
FN:261,(anonymous_29)
FN:303,(anonymous_30)
FN:310,when_3
FN:310,children_3
FN:326,when_4
FN:326,children_4
FN:336,(anonymous_35)
FN:341,(anonymous_36)
FN:188,(anonymous_37)
FNF:38
FNH:34
FNDA:12,CommandPalette
FNDA:13,(anonymous_1)
FNDA:4,(anonymous_2)
FNDA:24,(anonymous_3)
FNDA:1,(anonymous_4)
FNDA:2,(anonymous_5)
FNDA:0,(anonymous_6)
FNDA:0,(anonymous_7)
FNDA:1,(anonymous_8)
FNDA:12,(anonymous_9)
FNDA:1,(anonymous_10)
FNDA:12,(anonymous_11)
FNDA:12,(anonymous_12)
FNDA:3,(anonymous_13)
FNDA:3,(anonymous_14)
FNDA:12,(anonymous_15)
FNDA:0,(anonymous_16)
FNDA:12,(anonymous_17)
FNDA:1,(anonymous_18)
FNDA:13,when
FNDA:3,fallback
FNDA:3,(anonymous_21)
FNDA:10,children
FNDA:10,each
FNDA:28,(anonymous_24)
FNDA:28,when_2
FNDA:8,children_2
FNDA:28,(anonymous_27)
FNDA:0,(anonymous_28)
FNDA:28,(anonymous_29)
FNDA:28,(anonymous_30)
FNDA:28,when_3
FNDA:4,children_3
FNDA:28,when_4
FNDA:48,children_4
FNDA:28,(anonymous_35)
FNDA:12,(anonymous_36)
FNDA:13,(anonymous_37)
DA:12,2
DA:31,2
DA:34,12
DA:35,12
DA:48,12
DA:49,13
DA:50,4
DA:51,4
DA:59,9
DA:64,24
DA:74,12
DA:75,1
DA:76,1
DA:79,12
DA:80,2
DA:81,2
DA:82,1
DA:83,1
DA:84,1
DA:85,0
DA:86,0
DA:87,1
DA:88,0
DA:89,0
DA:90,1
DA:91,1
DA:92,1
DA:93,1
DA:97,12
DA:98,1
DA:99,1
DA:103,12
DA:104,12
DA:108,12
DA:109,1
DA:110,1
DA:115,12
DA:116,12
DA:117,4
DA:118,4
DA:119,4
DA:120,4
DA:121,4
DA:122,4
DA:123,4
DA:126,4
DA:131,12
DA:132,12
DA:136,12
DA:137,3
DA:141,12
DA:142,3
DA:146,12
DA:160,12
DA:180,12
DA:184,12
DA:188,13
DA:189,12
DA:190,1
DA:191,12
DA:206,12
DA:208,12
DA:210,0
DA:211,12
DA:216,13
DA:217,3
DA:227,3
DA:230,10
DA:239,10
[...]
FNDA:6,(anonymous_2)
FNDA:0,formatElapsed
DA:3,3
DA:6,3
DA:13,6
DA:14,6
DA:15,6
DA:17,6
DA:18,6
DA:19,6
DA:20,6
DA:21,6
DA:24,6
DA:28,0
DA:29,0
DA:30,0
DA:31,0
DA:32,0
DA:33,0
DA:34,0
LF:18
LH:11
BRDA:14,0,0,6
BRDA:14,0,1,0
BRDA:19,1,0,6
BRDA:19,1,1,0
BRDA:19,2,0,6
BRDA:19,2,1,6
BRDA:28,3,0,0
BRDA:28,3,1,0
BRDA:28,4,0,0
BRDA:28,4,1,0
BRDA:30,5,0,0
BRDA:30,5,1,0
BRDA:32,6,0,0
BRDA:32,6,1,0
BRF:14
BRH:4
end_of_record
TN:
SF:src/surfaces/swarm-map/swarmLayout.ts
FN:19,ringFor
FN:27,layoutSwarm
FN:41,(anonymous_2)
FN:48,(anonymous_3)
FN:49,(anonymous_4)
FN:53,(anonymous_5)
FN:56,(anonymous_6)
FN:69,(anonymous_7)
FNF:8
FNH:8
FNDA:27,ringFor
FNDA:6,layoutSwarm
FNDA:5,(anonymous_2)
FNDA:5,(anonymous_3)
FNDA:64,(anonymous_4)
FNDA:32,(anonymous_5)
FNDA:5,(anonymous_6)
FNDA:27,(anonymous_7)
DA:9,3
DA:10,3
DA:11,3
DA:14,3
DA:17,3
DA:20,27
DA:21,19
DA:22,3
DA:23,1
DA:29,6
DA:30,6
DA:31,6
DA:32,32
DA:33,5
DA:34,5
DA:36,32
DA:39,6
DA:41,6
DA:42,5
DA:43,5
DA:44,5
DA:45,5
DA:47,5
DA:48,5
DA:49,5
DA:50,64
DA:52,5
DA:53,32
DA:56,5
DA:57,5
DA:61,5
DA:62,5
DA:63,27
DA:64,27
DA:65,27
DA:67,5
DA:68,11
DA:69,11
DA:70,27
DA:71,27
DA:80,6
LF:41
LH:41
BRDA:20,0,0,8
BRDA:20,0,1,19
BRDA:21,1,0,16
BRDA:21,1,1,3
BRDA:21,2,0,19
BRDA:21,2,1,7
BRDA:22,3,0,2
BRDA:22,3,1,1
BRDA:32,4,0,5
BRDA:32,4,1,27
BRDA:43,5,0,5
BRDA:43,5,1,0
BRDA:50,6,0,64
BRDA:50,6,1,54
BRDA:50,6,2,0
BRDA:64,7,0,11
BRDA:64,7,1,16
BRF:17
BRH:15
end_of_record
TN:
SF:src/surfaces/swarm-map/swarmMapDerive.ts
FN:45,(anonymous_0)
FN:46,(anonymous_1)
FN:47,(anonymous_2)
FN:48,(anonymous_3)
FN:49,(anonymous_4)
FN:55,deriveSwarmGraph
FN:67,(anonymous_6)
FN:71,(anonymous_7)
FN:76,(anonymous_8)
FNF:9
FNH:9
FNDA:26,(anonymous_0)
FNDA:25,(anonymous_1)
FNDA:56,(anonymous_2)
FNDA:14,(anonymous_3)
FNDA:12,(anonymous_4)
FNDA:13,deriveSwarmGraph
FNDA:68,(anonymous_6)
FNDA:30,(anonymous_7)
FNDA:11,(anonymous_8)
DA:45,26
DA:46,25
DA:47,56
DA:48,14
DA:49,12
DA:59,13
DA:61,10
DA:62,10
DA:63,10
DA:65,10
DA:67,10
DA:68,68
DA:69,68
DA:71,10
DA:72,30
DA:73,30
DA:76,10
DA:77,11
DA:78,11
DA:81,11
DA:82,1
DA:88,1
DA:92,10
DA:93,11
DA:101,11
DA:102,11
DA:103,35
DA:105,10
DA:106,18
DA:109,10
DA:110,1
DA:119,10
DA:120,10
DA:121,25
DA:122,25
DA:132,10
DA:133,11
DA:134,7
DA:135,7
DA:136,7
DA:146,10
DA:147,35
DA:149,10
DA:150,7
DA:159,10
DA:160,3
DA:170,35
DA:173,35
DA:174,7
DA:185,10
DA:186,7
DA:187,7
DA:188,7
DA:200,10
DA:201,13
DA:202,6
DA:203,0
DA:205,6
DA:209,6
DA:217,6
DA:223,6
DA:228,6
DA:237,10
LF:63
LH:62
BRDA:59,0,0,3
BRDA:59,0,1,10
BRDA:59,1,0,13
BRDA:59,1,1,13
BRDA:72,2,0,0
BRDA:72,2,1,30
BRDA:72,3,0,30
BRDA:72,3,1,30
BRDA:78,4,0,11
BRDA:78,4,1,1
BRDA:81,5,0,1
BRDA:81,5,1,10
BRDA:92,6,0,10
BRDA:92,6,1,3
BRDA:97,7,0,11
BRDA:97,7,1,3
BRDA:103,8,0,25
BRDA:103,8,1,10
BRDA:109,9,0,1
BRDA:109,9,1,9
BRDA:132,10,0,10
BRDA:132,10,1,3
BRDA:135,11,0,7
BRDA:135,11,1,0
BRDA:135,12,0,7
BRDA:135,12,1,7
BRDA:149,13,0,7
BRDA:149,13,1,3
BRDA:159,14,0,3
BRDA:159,14,1,7
BRDA:159,15,0,10
BRDA:159,15,1,3
BRDA:170,16,0,35
BRDA:170,16,1,28
BRDA:173,17,0,7
BRDA:173,17,1,28
BRDA:173,18,0,35
BRDA:173,18,1,7
BRDA:187,19,0,7
BRDA:187,19,1,0
BRDA:187,20,0,7
BRDA:187,20,1,7
BRDA:190,21,0,7
BRDA:190,21,1,0
BRDA:200,22,0,10
BRDA:200,22,1,1
BRDA:202,23,0,0
BRDA:202,23,1,6
BRDA:202,24,0,6
BRDA:202,24,1,4
BRDA:202,24,2,2
BRDA:205,25,0,6
BRDA:205,25,1,6
BRDA:205,25,2,0
BRDA:205,25,3,0
BRDA:205,25,4,0
BRDA:217,26,0,2
BRDA:217,26,1,4
BRDA:219,27,0,2
BRDA:219,27,1,2
BRDA:223,28,0,2
BRDA:223,28,1,4
BRDA:225,29,0,2
BRDA:225,29,1,2
BRF:64
BRH:56
end_of_record
TN:
SF:src/surfaces/swarm-map/swarmPlaneDerive.ts
FN:22,(anonymous_0)
FN:23,(anonymous_1)
FN:24,(anonymous_2)
FN:26,roleTag
FN:33,displayName
FN:40,deriveSwarmPlane
FN:49,(anonymous_6)
FN:56,(anonymous_7)
FN:60,(anonymous_8)
FN:66,(anonymous_9)
FN:119,(anonymous_10)
FN:120,(anonymous_11)
FNF:12
FNH:11
FNDA:24,(anonymous_0)
FNDA:18,(anonymous_1)
FNDA:21,(anonymous_2)
FNDA:0,roleTag
FNDA:9,displayName
FNDA:5,deriveSwarmPlane
FNDA:6,(anonymous_6)
FNDA:13,(anonymous_7)
FNDA:12,(anonymous_8)
FNDA:3,(anonymous_9)
FNDA:2,(anonymous_10)
FNDA:3,(anonymous_11)
DA:10,4
DA:22,24
DA:23,18
DA:24,21
DA:27,0
DA:28,0
DA:29,0
DA:30,0
DA:34,9
DA:35,9
DA:36,3
DA:37,0
DA:41,5
DA:42,5
DA:43,5
DA:44,5
DA:45,2
DA:48,3
DA:49,6
DA:51,3
DA:52,3
DA:54,3
DA:55,3
DA:56,3
DA:57,13
DA:58,13
DA:60,3
DA:61,12
DA:62,12
DA:66,3
DA:67,3
DA:79,5
DA:80,5
DA:81,5
DA:82,12
DA:83,9
DA:88,12
DA:89,12
DA:90,12
DA:91,12
DA:107,12
DA:117,3
DA:118,6
DA:119,3
DA:120,3
DA:121,3
DA:122,1
DA:133,3
DA:134,3
DA:135,1
DA:136,1
DA:137,1
DA:146,1
DA:147,1
DA:148,1
DA:149,1
DA:160,3
DA:161,1
DA:162,1
DA:163,1
DA:164,1
DA:173,3
LF:62
LH:57
BRDA:27,0,0,0
BRDA:27,0,1,0
BRDA:28,1,0,0
BRDA:28,1,1,0
BRDA:29,2,0,0
BRDA:29,2,1,0
BRDA:34,3,0,0
BRDA:34,3,1,9
BRDA:35,4,0,6
BRDA:35,4,1,3
BRDA:35,5,0,6
BRDA:35,5,1,0
BRDA:36,6,0,3
BRDA:36,6,1,0
BRDA:36,7,0,3
BRDA:36,7,1,0
BRDA:44,8,0,2
BRDA:44,8,1,3
BRDA:44,9,0,5
BRDA:44,9,1,4
BRDA:61,10,0,0
BRDA:61,10,1,12
BRDA:61,11,0,12
BRDA:61,11,1,12
BRDA:71,12,0,3
BRDA:71,12,1,0
BRDA:73,13,0,5
BRDA:73,13,1,0
BRDA:74,14,0,0
BRDA:74,14,1,3
BRDA:74,15,0,5
BRDA:74,15,1,3
BRDA:82,16,0,3
BRDA:82,16,1,9
BRDA:83,17,0,6
BRDA:83,17,1,3
BRDA:85,18,0,3
BRDA:85,18,1,0
BRDA:89,19,0,3
BRDA:89,19,1,6
BRDA:99,20,0,3
BRDA:99,20,1,6
BRDA:99,21,0,12
BRDA:99,21,1,9
BRDA:101,22,0,12
BRDA:101,22,1,6
BRDA:102,23,0,12
BRDA:102,23,1,6
BRDA:102,24,0,3
BRDA:102,24,1,3
BRDA:111,25,0,3
BRDA:111,25,1,6
BRDA:112,26,0,3
BRDA:112,26,1,6
BRDA:121,27,0,2
BRDA:121,27,1,1
BRDA:121,28,0,3
BRDA:121,28,1,1
BRDA:134,29,0,1
BRDA:134,29,1,2
BRDA:143,30,0,1
BRDA:143,30,1,0
BRDA:148,31,0,1
BRDA:148,31,1,0
BRDA:161,32,0,0
BRDA:161,32,1,1
BRDA:163,33,0,0
BRDA:163,33,1,1
BRF:68
BRH:49
end_of_record
TN:
SF:src/surfaces/tasks/TasksSurface.tsx
FN:48,groupForCard
FN:55,groupCards
FN:69,openCard
FN:79,(anonymous_3)
FN:81,(anonymous_4)
FN:82,(anonymous_5)
FN:84,(anonymous_6)
FN:91,(anonymous_7)
FN:95,when
FN:95,children
FN:96,(anonymous_10)
FN:102,when_2
FN:102,children_2
FN:108,(anonymous_13)
FN:108,(anonymous_14)
FN:114,when_3
FN:114,(anonymous_16)
FN:114,children_3
FN:116,(anonymous_18)
FN:123,(anonymous_19)
FN:133,(anonymous_20)
FN:134,(anonymous_21)
FN:135,(anonymous_22)
FN:137,(anonymous_23)
FN:144,when_4
FN:145,fallback
FN:145,children_4
FN:152,when_5
FN:153,fallback_2
FN:153,children_5
FN:161,when_6
FN:162,fallback_3
FN:162,children_6
FN:170,(anonymous_33)
FN:172,when_7
FN:172,children_7
FN:179,(anonymous_36)
FN:184,each
FN:184,(anonymous_38)
FN:185,color
FN:185,(anonymous_40)
FNF:41
FNH:33
FNDA:136,groupForCard
FNDA:52,groupCards
FNDA:2,openCard
FNDA:11,(anonymous_3)
FNDA:11,(anonymous_4)
FNDA:0,(anonymous_5)
FNDA:13,(anonymous_6)
FNDA:11,(anonymous_7)
FNDA:11,when
FNDA:22,children
FNDA:11,(anonymous_10)
FNDA:11,when_2
FNDA:0,children_2
FNDA:0,(anonymous_13)
FNDA:0,(anonymous_14)
FNDA:11,when_3
FNDA:11,(anonymous_16)
FNDA:0,children_3
FNDA:0,(anonymous_18)
FNDA:11,(anonymous_19)
FNDA:6,(anonymous_20)
FNDA:64,(anonymous_21)
FNDA:52,(anonymous_22)
FNDA:12,(anonymous_23)
FNDA:6,when_4
FNDA:0,fallback
FNDA:6,children_4
FNDA:6,when_5
FNDA:0,fallback_2
FNDA:6,children_5
FNDA:6,when_6
FNDA:1,fallback_3
FNDA:5,children_6
FNDA:30,(anonymous_33)
FNDA:30,when_7
FNDA:22,children_7
FNDA:11,(anonymous_36)
FNDA:11,each
FNDA:11,(anonymous_38)
FNDA:11,color
FNDA:11,(anonymous_40)
DA:25,5
DA:36,5
DA:49,136
DA:50,136
DA:51,136
DA:52,128
DA:56,52
DA:64,136
DA:65,52
DA:70,2
DA:71,2
DA:72,1
DA:79,5
DA:80,11
DA:81,11
DA:82,0
DA:84,11
DA:90,11
DA:91,11
DA:93,11
DA:94,11
DA:95,11
DA:96,11
DA:99,11
DA:102,11
DA:106,0
DA:107,11
DA:108,0
DA:114,11
DA:116,0
DA:121,0
DA:122,0
DA:123,11
DA:133,5
DA:134,64
DA:135,52
DA:137,6
DA:141,6
DA:144,6
DA:145,6
DA:152,6
DA:153,6
DA:161,6
DA:162,5
DA:171,30
DA:172,30
DA:177,11
DA:179,11
DA:181,11
DA:184,11
DA:185,11
DA:189,6
DA:199,5
LF:53
LH:47
BRDA:50,0,0,0
BRDA:50,0,1,136
BRDA:50,1,0,136
BRDA:50,1,1,8
BRDA:51,2,0,8
BRDA:51,2,1,128
BRDA:52,3,0,128
BRDA:52,3,1,0
BRDA:71,4,0,1
BRDA:71,4,1,1
BRDA:107,5,0,0
BRDA:107,5,1,0
BRDA:107,6,0,0
BRDA:107,6,1,0
BRDA:114,7,0,11
BRDA:114,7,1,0
BRDA:93,8,0,22
BRDA:93,8,1,22
BRDA:199,9,0,5
BRDA:199,9,1,0
BRF:20
BRH:12
end_of_record
TN:
SF:src/swarm/swarmTypes.ts
FNF:0
FNH:0
DA:51,0
DA:52,0
DA:53,0
DA:54,0
LF:4
LH:0
BRF:0
BRH:0
end_of_record
TN:
SF:src/theme/applyTheme.ts
FN:1,applyThemeOverrides
FNF:1
FNH:1
FNDA:16,applyThemeOverrides
DA:2,16
DA:3,16
DA:4,679
LF:3
LH:3
BRF:0
BRH:0
end_of_record
TN:
SF:src/themes/highContrast.ts
FNF:0
FNH:0
DA:4,16
LF:1
LH:1
BRF:0
BRH:0
end_of_record
TN:
SF:src/themes/schema.ts
FN:53,isThemeLike
FN:57,validateTheme
FN:107,parseColor
FN:110,(anonymous_3)
FN:111,(anonymous_4)
FN:120,(anonymous_5)
FN:130,relativeLuminance
FN:131,(anonymous_7)
FN:135,contrastRatio
FNF:9
FNH:7
FNDA:36,isThemeLike
FNDA:19,validateTheme
FNDA:20,parseColor
FNDA:0,(anonymous_3)
FNDA:0,(anonymous_4)
FNDA:18,(anonymous_5)
FNDA:20,relativeLuminance
FNDA:60,(anonymous_7)
FNDA:10,contrastRatio
DA:1,17
DA:50,17
DA:51,17
DA:54,36
DA:58,19
DA:59,0
DA:62,19
DA:63,1
DA:66,18
DA:67,0
DA:69,18
DA:70,0
DA:72,18
DA:73,1
DA:76,17
DA:77,0
DA:80,17
DA:81,433
DA:82,433
DA:83,1
DA:87,16
DA:88,1
DA:91,15
DA:92,240
DA:93,240
DA:94,0
DA:98,15
DA:99,45
DA:100,0
DA:104,15
DA:108,20
DA:109,20
DA:110,0
DA:111,0
DA:113,20
DA:114,0
DA:116,20
DA:117,20
DA:118,6
DA:120,18
DA:123,20
DA:124,0
DA:126,20
DA:127,20
DA:131,60
DA:132,20
DA:136,10
DA:137,10
DA:138,10
DA:139,10
DA:140,10
LF:51
LH:41
BRDA:54,0,0,36
BRDA:54,0,1,36
BRDA:54,0,2,36
BRDA:58,1,0,0
BRDA:58,1,1,19
BRDA:62,2,0,1
BRDA:62,2,1,18
BRDA:66,3,0,0
BRDA:66,3,1,18
BRDA:66,4,0,18
BRDA:66,4,1,18
BRDA:69,5,0,0
BRDA:69,5,1,18
BRDA:69,6,0,18
BRDA:69,6,1,18
BRDA:72,7,0,1
BRDA:72,7,1,17
BRDA:72,8,0,18
BRDA:72,8,1,4
BRDA:76,9,0,0
BRDA:76,9,1,17
BRDA:82,10,0,1
BRDA:82,10,1,432
BRDA:82,11,0,433
BRDA:82,11,1,432
BRDA:87,12,0,1
BRDA:87,12,1,15
BRDA:87,13,0,16
BRDA:87,13,1,16
BRDA:93,14,0,0
BRDA:93,14,1,240
BRDA:93,15,0,240
BRDA:93,15,1,240
BRDA:99,16,0,0
BRDA:99,16,1,45
BRDA:99,17,0,45
BRDA:99,17,1,42
BRDA:99,17,2,42
BRDA:109,18,0,0
BRDA:109,18,1,20
BRDA:113,19,0,0
BRDA:113,19,1,20
BRDA:117,20,0,6
BRDA:117,20,1,14
BRDA:123,21,0,0
BRDA:123,21,1,20
BRDA:131,22,0,17
BRDA:131,22,1,43
BRF:48
BRH:39
end_of_record
TN:
SF:src/themes/themeCatalog.ts
FN:57,listBundledThemes
FN:58,(anonymous_1)
FN:61,getBundledTheme
FN:72,resolveThemeCssVars
FNF:4
FNH:4
FNDA:6,listBundledThemes
FNDA:78,(anonymous_1)
FNDA:54,getBundledTheme
FNDA:70,resolveThemeCssVars
DA:23,16
DA:41,16
DA:58,78
DA:62,54
DA:63,1
DA:65,53
DA:76,70
DA:78,70
DA:79,1120
DA:82,70
DA:83,5
DA:86,70
LF:12
LH:12
BRDA:62,0,0,1
BRDA:62,0,1,53
BRDA:82,1,0,5
BRDA:82,1,1,65
BRF:4
BRH:4
end_of_record
TN:
SF:src/themes/themeRuntime.ts
FN:45,themeToXtermTheme
FN:67,getCurrentXtermTheme
FN:71,getCommittedTheme
FN:75,cursorBlinkEnabled
FN:80,applyAppearanceToTerminal
FN:106,applyAppearanceToAllTerminals
FN:115,broadcastXtermTheme
FN:121,applyVisual
FN:126,registerTerminal
FN:134,unregisterTerminal
FN:138,applyThemeToRuntime
FN:165,previewTheme
FN:173,cancelThemePreview
FN:183,commitThemePreview
FN:193,_resetForTest
FNF:15
FNH:15
FNDA:50,themeToXtermTheme
FNDA:22,getCurrentXtermTheme
FNDA:5,getCommittedTheme
FNDA:11,cursorBlinkEnabled
FNDA:11,applyAppearanceToTerminal
FNDA:4,applyAppearanceToAllTerminals
FNDA:15,broadcastXtermTheme
FNDA:15,applyVisual
FNDA:12,registerTerminal
FNDA:13,unregisterTerminal
FNDA:14,applyThemeToRuntime
FNDA:2,previewTheme
FNDA:2,cancelThemePreview
FNDA:1,commitThemePreview
FNDA:14,_resetForTest
DA:11,14
DA:13,14
DA:15,14
DA:16,14
DA:17,14
DA:20,14
DA:22,14
DA:23,14
DA:25,14
DA:49,50
DA:50,50
DA:59,50
DA:60,800
DA:63,50
DA:68,22
DA:72,5
DA:76,11
DA:84,11
DA:85,11
DA:86,11
DA:87,11
DA:88,11
DA:89,11
DA:90,11
DA:92,11
DA:93,11
DA:94,0
DA:96,11
DA:97,11
DA:109,4
DA:110,4
DA:111,2
DA:116,15
DA:117,2
DA:122,15
DA:123,15
DA:127,12
DA:128,12
DA:129,12
DA:130,0
DA:135,13
DA:142,14
DA:143,14
DA:145,14
DA:146,2
DA:147,2
DA:152,2
DA:153,2
DA:155,12
DA:156,12
DA:157,12
DA:158,12
DA:161,14
DA:169,2
DA:174,2
DA:176,1
DA:177,1
DA:178,1
DA:179,1
DA:184,1
DA:185,1
DA:186,1
DA:188,1
DA:189,1
DA:194,14
DA:195,14
DA:196,14
DA:197,14
DA:198,14
DA:199,14
DA:200,14
LF:71
LH:69
BRDA:47,0,0,50
BRDA:53,1,0,50
BRDA:53,1,1,0
BRDA:54,2,0,50
BRDA:54,2,1,0
BRDA:56,3,0,50
BRDA:56,3,1,0
BRDA:92,4,0,11
BRDA:92,4,1,0
BRDA:93,5,0,0
BRDA:93,5,1,11
BRDA:129,6,0,0
BRDA:129,6,1,12
BRDA:142,7,0,14
BRDA:142,7,1,7
BRDA:145,8,0,2
BRDA:145,8,1,12
BRDA:146,9,0,2
BRDA:146,9,1,0
BRDA:174,10,0,1
BRDA:174,10,1,1
BRDA:184,11,0,1
BRDA:184,11,1,0
BRF:23
BRH:15
end_of_record
TN:
SF:src/themes/bundled/catppuccin-latte.json
FNF:0
FNH:0
DA:1,16
DA:2,16
DA:3,16
DA:4,16
DA:5,16
DA:6,16
DA:7,16
DA:8,16
LF:8
LH:8
BRF:0
BRH:0
end_of_record
TN:
SF:src/themes/bundled/catppuccin-mocha.json
FNF:0
FNH:0
DA:1,16
DA:2,16
DA:3,16
DA:4,16
DA:5,16
DA:6,16
DA:7,16
DA:8,16
LF:8
LH:8
BRF:0
BRH:0
end_of_record
TN:
SF:src/themes/bundled/dracula.json
FNF:0
FNH:0
DA:1,16
DA:2,16
DA:3,16
DA:4,16
DA:5,16
DA:6,16
DA:7,16
DA:8,16
LF:8
LH:8
BRF:0
BRH:0
end_of_record
TN:
SF:src/themes/bundled/github-light.json
FNF:0
FNH:0
DA:1,16
DA:2,16
DA:3,16
DA:4,16
DA:5,16
DA:6,16
DA:7,16
DA:8,16
LF:8
LH:8
BRF:0
BRH:0
end_of_record
TN:
SF:src/themes/bundled/gruvbox-dark.json
FNF:0
FNH:0
DA:1,16
DA:2,16
DA:3,16
DA:4,16
DA:5,16
DA:6,16
DA:7,16
DA:8,16
LF:8
LH:8
BRF:0
BRH:0
end_of_record
TN:
SF:src/themes/bundled/monokai-pro.json
FNF:0
FNH:0
DA:1,16
DA:2,16
DA:3,16
DA:4,16
DA:5,16
DA:6,16
DA:7,16
DA:8,16
LF:8
LH:8
BRF:0
BRH:0
end_of_record
TN:
SF:src/themes/bundled/nord.json
FNF:0
FNH:0
DA:1,16
DA:2,16
DA:3,16
DA:4,16
DA:5,16
DA:6,16
DA:7,16
DA:8,16
LF:8
LH:8
BRF:0
BRH:0
end_of_record
TN:
SF:src/themes/bundled/one-dark-pro.json
FNF:0
FNH:0
DA:1,16
DA:2,16
DA:3,16
DA:4,16
DA:5,16
DA:6,16
DA:7,16
DA:8,16
LF:8
LH:8
BRF:0
BRH:0
end_of_record
TN:
SF:src/themes/bundled/solarized-dark.json
FNF:0
FNH:0
DA:1,16
DA:2,16
DA:3,16
DA:4,16
DA:5,16
DA:6,16
DA:7,16
DA:8,16
LF:8
LH:8
BRF:0
BRH:0
end_of_record
TN:
SF:src/themes/bundled/solarized-light.json
FNF:0
FNH:0
DA:1,16
DA:2,16
DA:3,16
DA:4,16
DA:5,16
DA:6,16
DA:7,16
DA:8,16
LF:8
LH:8
BRF:0
BRH:0
end_of_record
TN:
SF:src/themes/bundled/tokyo-night.json
FNF:0
FNH:0
DA:1,16
DA:2,16
DA:3,16
DA:4,16
DA:5,16
DA:6,16
DA:7,16
DA:8,16
LF:8
LH:8
BRF:0
BRH:0
end_of_record
TN:
SF:src/themes/bundled/variant-b.json
FNF:0
FNH:0
DA:1,16
DA:2,16
DA:3,16
DA:4,16
DA:5,16
DA:6,16
DA:7,16
DA:8,16
LF:8
LH:8
BRF:0
BRH:0
end_of_record
TN:
SF:src/themes/bundled/voss-ignite.json
FNF:0
FNH:0
DA:1,16
DA:2,16
DA:3,16
DA:4,16
DA:5,16
DA:6,16
DA:7,16
DA:8,16
LF:8
LH:8
BRF:0
BRH:0
end_of_record
TN:
SF:src/workspaces/workspaceSessionPersist.ts
FN:28,saveWorkspaceSession
FN:50,installWorkspaceStructuralAutosave
FN:55,(anonymous_2)
FN:56,(anonymous_3)
FN:64,(anonymous_4)
FN:69,(anonymous_5)
FN:79,installAllWorkspacesCloseSave
FN:89,(anonymous_7)
FN:98,(anonymous_8)
FN:105,(anonymous_9)
FN:109,(anonymous_10)
FN:110,(anonymous_11)
FNF:12
FNH:7
FNDA:4,saveWorkspaceSession
FNDA:4,installWorkspaceStructuralAutosave
FNDA:0,(anonymous_2)
FNDA:0,(anonymous_3)
FNDA:0,(anonymous_4)
FNDA:4,(anonymous_5)
FNDA:7,installAllWorkspacesCloseSave
FNDA:3,(anonymous_7)
FNDA:2,(anonymous_8)
FNDA:0,(anonymous_9)
FNDA:2,(anonymous_10)
FNDA:0,(anonymous_11)
DA:26,2
DA:32,4
DA:33,4
DA:35,4
DA:42,4
DA:43,2
DA:45,2
DA:55,4
DA:56,0
DA:57,0
DA:64,4
DA:65,0
DA:66,0
DA:69,4
DA:70,4
DA:71,4
DA:85,7
DA:87,7
DA:89,7
DA:90,3
DA:91,2
DA:93,2
DA:94,2
DA:95,2
DA:97,2
DA:99,2
DA:100,4
DA:102,2
DA:103,2
DA:106,0
DA:110,2
DA:114,0
DA:120,2
DA:121,2
DA:124,7
LF:35
LH:29
BRDA:33,0,0,0
BRDA:33,0,1,4
BRDA:42,1,0,2
BRDA:42,1,1,2
BRDA:65,2,0,0
BRDA:65,2,1,0
BRDA:70,3,0,0
BRDA:70,3,1,4
BRDA:90,4,0,1
BRDA:90,4,1,2
BRDA:104,5,0,2
BRDA:104,5,1,2
BRF:12
BRH:8
end_of_record
TN:
SF:src/workspaces/workspaceShortcuts.ts
FN:26,parseWorkspaceShortcut
FN:42,workspaceIndexForFocusAction
FNF:2
FNH:2
FNDA:20,parseWorkspaceShortcut
FNDA:3,workspaceIndexForFocusAction
DA:14,4
DA:29,20
DA:31,6
DA:32,4
DA:35,2
DA:36,2
DA:39,0
DA:45,3
DA:46,2
DA:47,2
DA:48,2
LF:11
LH:10
BRDA:29,0,0,14
BRDA:29,0,1,6
BRDA:29,1,0,20
BRDA:29,1,1,7
BRDA:31,2,0,4
BRDA:31,2,1,2
BRDA:32,3,0,1
BRDA:32,3,1,3
BRDA:35,4,0,2
BRDA:35,4,1,0
BRDA:35,5,0,2
BRDA:35,5,1,2
BRDA:35,5,2,2
BRDA:35,5,3,2
BRDA:36,6,0,2
BRDA:36,6,1,0
BRDA:45,7,0,1
BRDA:45,7,1,2
BRDA:47,8,0,0
BRDA:47,8,1,2
BRDA:47,9,0,2
BRDA:47,9,1,2
BRF:22
BRH:19
end_of_record
TN:
SF:src/workspaces/workspaceStorage.ts
FN:35,loadWorkspacesIndex
FN:39,saveWorkspacesIndex
FN:45,listWorkspaces
FN:49,saveProjectLessSession
FN:56,loadProjectLessSession
FNF:5
FNH:5
FNDA:6,loadWorkspacesIndex
FNDA:7,saveWorkspacesIndex
FNDA:1,listWorkspaces
FNDA:1,saveProjectLessSession
FNDA:7,loadProjectLessSession
DA:9,5
DA:10,5
DA:11,5
DA:31,5
DA:36,6
DA:42,7
DA:46,1
DA:53,1
DA:59,7
LF:9
LH:9
BRF:0
BRH:0
end_of_record
TN:
SF:src/workspaces/workspaceStore.ts
FN:49,newWorkspaceId
FN:53,reindexOrders
FN:54,(anonymous_2)
FN:57,sortByOrder
FN:59,(anonymous_4)
FN:63,findWorkspace
FN:67,(anonymous_6)
FN:71,closeGuardFor
FN:79,createWorkspaceStore
FN:102,(anonymous_9)
FN:105,(anonymous_10)
FN:108,(anonymous_11)
FN:112,(anonymous_12)
FN:123,(anonymous_13)
FN:129,(anonymous_14)
FN:138,(anonymous_15)
FN:143,(anonymous_16)
FN:148,(anonymous_17)
FN:149,(anonymous_18)
FN:150,(anonymous_19)
FN:154,(anonymous_20)
FN:155,(anonymous_21)
FN:156,(anonymous_22)
FN:160,(anonymous_23)
FN:161,(anonymous_24)
FN:178,(anonymous_25)
FN:179,(anonymous_26)
FN:180,(anonymous_27)
FN:191,(anonymous_28)
FN:195,(anonymous_29)
FN:196,(anonymous_30)
FN:208,(anonymous_31)
FN:209,(anonymous_32)
FN:210,(anonymous_33)
FN:221,(anonymous_34)
FN:223,(anonymous_35)
FN:224,(anonymous_36)
FN:224,(anonymous_37)
FN:225,(anonymous_38)
FN:246,(anonymous_39)
FN:247,(anonymous_40)
FNF:41
FNH:32
FNDA:0,newWorkspaceId
FNDA:54,reindexOrders
FNDA:67,(anonymous_2)
FNDA:48,sortByOrder
FNDA:5,(anonymous_4)
FNDA:3,findWorkspace
FNDA:5,(anonymous_6)
FNDA:6,closeGuardFor
FNDA:28,createWorkspaceStore
FNDA:12,(anonymous_9)
FNDA:13,(anonymous_10)
FNDA:12,(anonymous_11)
FNDA:21,(anonymous_12)
FNDA:20,(anonymous_13)
FNDA:5,(anonymous_14)
FNDA:5,(anonymous_15)
FNDA:3,(anonymous_16)
FNDA:2,(anonymous_17)
FNDA:2,(anonymous_18)
FNDA:2,(anonymous_19)
FNDA:1,(anonymous_20)
FNDA:1,(anonymous_21)
FNDA:1,(anonymous_22)
FNDA:1,(anonymous_23)
FNDA:1,(anonymous_24)
FNDA:1,(anonymous_25)
FNDA:1,(anonymous_26)
FNDA:1,(anonymous_27)
FNDA:0,(anonymous_28)
FNDA:0,(anonymous_29)
FNDA:0,(anonymous_30)
FNDA:10,(anonymous_31)
FNDA:10,(anonymous_32)
FNDA:10,(anonymous_33)
FNDA:0,(anonymous_34)
FNDA:0,(anonymous_35)
FNDA:0,(anonymous_36)
FNDA:0,(anonymous_37)
FNDA:0,(anonymous_38)
FNDA:2,(anonymous_39)
FNDA:2,(anonymous_40)
DA:50,0
DA:54,67
DA:58,48
DA:59,5
DA:67,5
DA:75,6
DA:76,6
DA:82,28
DA:95,28
DA:98,28
DA:102,28
DA:105,13
DA:108,28
DA:109,12
DA:112,28
DA:114,21
DA:115,21
DA:117,0
DA:119,21
DA:120,19
DA:122,19
DA:123,20
DA:126,21
DA:129,28
DA:130,5
DA:131,5
DA:138,5
DA:139,5
DA:140,5
DA:143,28
DA:144,3
DA:145,3
DA:148,28
DA:149,2
DA:150,2
DA:154,28
DA:155,1
DA:156,1
DA:160,28
DA:161,1
DA:162,1
DA:163,1
DA:169,0
DA:171,1
DA:172,1
DA:173,1
DA:174,1
DA:178,28
DA:179,1
DA:180,1
DA:181,1
DA:191,28
DA:195,0
DA:196,0
DA:197,0
DA:208,28
DA:209,10
DA:210,10
DA:211,10
DA:221,28
DA:222,0
DA:223,0
DA:224,0
DA:225,0
DA:226,0
DA:227,0
DA:232,28
DA:246,2
DA:247,2
LF:69
LH:57
BRDA:82,0,0,28
BRDA:82,0,1,28
BRDA:99,1,0,28
BRDA:99,1,1,0
BRDA:99,1,2,0
BRDA:119,2,0,2
BRDA:119,2,1,19
BRDA:122,3,0,19
BRDA:122,3,1,0
BRDA:122,4,0,19
BRDA:122,4,1,19
BRDA:125,5,0,0
BRDA:125,5,1,0
BRDA:130,6,0,5
BRDA:130,6,1,0
BRDA:134,7,0,5
BRDA:134,7,1,5
BRDA:135,8,0,5
BRDA:135,8,1,5
BRDA:144,9,0,0
BRDA:144,9,1,3
BRDA:150,10,0,2
BRDA:150,10,1,0
BRDA:156,11,0,1
BRDA:156,11,1,0
BRDA:163,12,0,0
BRDA:163,12,1,1
BRDA:164,13,0,1
BRDA:164,13,1,1
BRDA:164,13,2,1
BRDA:164,13,3,1
BRDA:181,14,0,1
BRDA:181,14,1,0
BRDA:184,15,0,1
BRDA:184,15,1,0
BRDA:197,16,0,0
BRDA:197,16,1,0
BRDA:201,17,0,0
BRDA:201,17,1,0
BRDA:201,18,0,0
BRDA:201,18,1,0
BRDA:211,19,0,10
BRDA:211,19,1,0
BRDA:214,20,0,10
BRDA:214,20,1,0
BRDA:222,21,0,0
BRDA:222,21,1,0
BRDA:226,22,0,0
BRDA:226,22,1,0
BRDA:227,23,0,0
BRDA:227,23,1,0
BRF:51
BRH:25
end_of_record
